{"numFailedTestSuites":1,"numFailedTests":5,"numPassedTestSuites":62,"numPassedTests":1700,"numPendingTestSuites":0,"numPendingTests":3,"numRuntimeErrorTestSuites":0,"numTodoTests":0,"numTotalTestSuites":63,"numTotalTests":1708,"openHandles":[],"snapshot":{"added":0,"didUpdate":false,"failure":false,"filesAdded":0,"filesRemoved":0,"filesRemovedList":[],"filesUnmatched":0,"filesUpdated":0,"matched":0,"total":0,"unchecked":0,"uncheckedKeysByFile":[],"unmatched":0,"updated":0},"startTime":1764343032010,"success":false,"testResults":[{"assertionResults":[{"ancestorTitles":["context-collector","getTaskOrder"],"duration":9,"failureDetails":[],"failureMessages":[],"fullName":"context-collector getTaskOrder should return numeric order for simple task","invocations":1,"location":null,"numPassingAsserts":3,"retryReasons":[],"status":"passed","title":"should return numeric order for simple task"},{"ancestorTitles":["context-collector","getTaskOrder"],"duration":1,"failureDetails":[],"failureMessages":[],"fullName":"context-collector getTaskOrder should handle subtask notation","invocations":1,"location":null,"numPassingAsserts":2,"retryReasons":[],"status":"passed","title":"should handle subtask notation"},{"ancestorTitles":["context-collector","getTaskOrder"],"duration":1,"failureDetails":[],"failureMessages":[],"fullName":"context-collector getTaskOrder should return 0 for invalid format","invocations":1,"location":null,"numPassingAsserts":2,"retryReasons":[],"status":"passed","title":"should return 0 for invalid format"},{"ancestorTitles":["context-collector","getTaskFolders"],"duration":3,"failureDetails":[],"failureMessages":[],"fullName":"context-collector getTaskFolders should return empty array if folder does not exist","invocations":1,"location":null,"numPassingAsserts":1,"retryReasons":[],"status":"passed","title":"should return empty array if folder does not exist"},{"ancestorTitles":["context-collector","getTaskFolders"],"duration":2,"failureDetails":[],"failureMessages":[],"fullName":"context-collector getTaskFolders should return sorted task folders","invocations":1,"location":null,"numPassingAsserts":1,"retryReasons":[],"status":"passed","title":"should return sorted task folders"},{"ancestorTitles":["context-collector","isTaskCompleted"],"duration":0,"failureDetails":[],"failureMessages":[],"fullName":"context-collector isTaskCompleted should return false if TODO.md does not exist","invocations":1,"location":null,"numPassingAsserts":1,"retryReasons":[],"status":"passed","title":"should return false if TODO.md does not exist"},{"ancestorTitles":["context-collector","isTaskCompleted"],"duration":1,"failureDetails":[],"failureMessages":[],"fullName":"context-collector isTaskCompleted should return true if TODO starts with \"Fully implemented: YES\"","invocations":1,"location":null,"numPassingAsserts":1,"retryReasons":[],"status":"passed","title":"should return true if TODO starts with \"Fully implemented: YES\""},{"ancestorTitles":["context-collector","isTaskCompleted"],"duration":0,"failureDetails":[],"failureMessages":[],"fullName":"context-collector isTaskCompleted should return false if TODO starts with \"Fully implemented: NO\"","invocations":1,"location":null,"numPassingAsserts":1,"retryReasons":[],"status":"passed","title":"should return false if TODO starts with \"Fully implemented: NO\""},{"ancestorTitles":["context-collector","extractContextSummary"],"duration":1,"failureDetails":[],"failureMessages":[],"fullName":"context-collector extractContextSummary should return null if file does not exist","invocations":1,"location":null,"numPassingAsserts":1,"retryReasons":[],"status":"passed","title":"should return null if file does not exist"},{"ancestorTitles":["context-collector","extractContextSummary"],"duration":1,"failureDetails":[],"failureMessages":[],"fullName":"context-collector extractContextSummary should extract files modified and decisions","invocations":1,"location":null,"numPassingAsserts":3,"retryReasons":[],"status":"passed","title":"should extract files modified and decisions"},{"ancestorTitles":["context-collector","extractContextSummaryAsync (with fallback)"],"duration":0,"failureDetails":[],"failureMessages":[],"fullName":"context-collector extractContextSummaryAsync (with fallback) should return null if file does not exist","invocations":1,"location":null,"numPassingAsserts":1,"retryReasons":[],"status":"passed","title":"should return null if file does not exist"},{"ancestorTitles":["context-collector","extractContextSummaryAsync (with fallback)"],"duration":30,"failureDetails":[],"failureMessages":[],"fullName":"context-collector extractContextSummaryAsync (with fallback) should fallback to heuristic extraction when Ollama unavailable","invocations":1,"location":null,"numPassingAsserts":4,"retryReasons":[],"status":"passed","title":"should fallback to heuristic extraction when Ollama unavailable"},{"ancestorTitles":["context-collector","extractContextSummaryAsync (with fallback)"],"duration":0,"failureDetails":[],"failureMessages":[],"fullName":"context-collector extractContextSummaryAsync (with fallback) should include fullPath in result","invocations":1,"location":null,"numPassingAsserts":1,"retryReasons":[],"status":"passed","title":"should include fullPath in result"},{"ancestorTitles":["context-collector","extractResearchPatterns"],"duration":0,"failureDetails":[],"failureMessages":[],"fullName":"context-collector extractResearchPatterns should return null if file does not exist","invocations":1,"location":null,"numPassingAsserts":1,"retryReasons":[],"status":"passed","title":"should return null if file does not exist"},{"ancestorTitles":["context-collector","extractResearchPatterns"],"duration":0,"failureDetails":[],"failureMessages":[],"fullName":"context-collector extractResearchPatterns should extract strategy, patterns, and topics","invocations":1,"location":null,"numPassingAsserts":5,"retryReasons":[],"status":"passed","title":"should extract strategy, patterns, and topics"},{"ancestorTitles":["context-collector","extractResearchPatternsAsync (with fallback)"],"duration":0,"failureDetails":[],"failureMessages":[],"fullName":"context-collector extractResearchPatternsAsync (with fallback) should return null if file does not exist","invocations":1,"location":null,"numPassingAsserts":1,"retryReasons":[],"status":"passed","title":"should return null if file does not exist"},{"ancestorTitles":["context-collector","extractResearchPatternsAsync (with fallback)"],"duration":1,"failureDetails":[],"failureMessages":[],"fullName":"context-collector extractResearchPatternsAsync (with fallback) should fallback to heuristic extraction when Ollama unavailable","invocations":1,"location":null,"numPassingAsserts":5,"retryReasons":[],"status":"passed","title":"should fallback to heuristic extraction when Ollama unavailable"},{"ancestorTitles":["context-collector","extractResearchPatternsAsync (with fallback)"],"duration":1,"failureDetails":[],"failureMessages":[],"fullName":"context-collector extractResearchPatternsAsync (with fallback) should detect extended keyword list","invocations":1,"location":null,"numPassingAsserts":6,"retryReasons":[],"status":"passed","title":"should detect extended keyword list"},{"ancestorTitles":["context-collector","extractResearchPatternsAsync (with fallback)"],"duration":0,"failureDetails":[],"failureMessages":[],"fullName":"context-collector extractResearchPatternsAsync (with fallback) should include fullPath in result","invocations":1,"location":null,"numPassingAsserts":1,"retryReasons":[],"status":"passed","title":"should include fullPath in result"},{"ancestorTitles":["context-collector","createAiPromptSummary"],"duration":0,"failureDetails":[],"failureMessages":[],"fullName":"context-collector createAiPromptSummary should return empty string if file does not exist","invocations":1,"location":null,"numPassingAsserts":1,"retryReasons":[],"status":"passed","title":"should return empty string if file does not exist"},{"ancestorTitles":["context-collector","createAiPromptSummary"],"duration":1,"failureDetails":[],"failureMessages":[],"fullName":"context-collector createAiPromptSummary should extract tech stack, architecture, and conventions","invocations":1,"location":null,"numPassingAsserts":6,"retryReasons":[],"status":"passed","title":"should extract tech stack, architecture, and conventions"},{"ancestorTitles":["context-collector","createAiPromptSummary"],"duration":1,"failureDetails":[],"failureMessages":[],"fullName":"context-collector createAiPromptSummary should return first 1500 chars if no sections found","invocations":1,"location":null,"numPassingAsserts":1,"retryReasons":[],"status":"passed","title":"should return first 1500 chars if no sections found"},{"ancestorTitles":["context-collector","extractCodebasePatterns"],"duration":1,"failureDetails":[],"failureMessages":[],"fullName":"context-collector extractCodebasePatterns should detect Jest testing framework","invocations":1,"location":null,"numPassingAsserts":1,"retryReasons":[],"status":"passed","title":"should detect Jest testing framework"},{"ancestorTitles":["context-collector","extractCodebasePatterns"],"duration":0,"failureDetails":[],"failureMessages":[],"fullName":"context-collector extractCodebasePatterns should detect Python pytest framework","invocations":1,"location":null,"numPassingAsserts":1,"retryReasons":[],"status":"passed","title":"should detect Python pytest framework"},{"ancestorTitles":["context-collector","extractCodebasePatterns"],"duration":1,"failureDetails":[],"failureMessages":[],"fullName":"context-collector extractCodebasePatterns should detect CommonJS import style","invocations":1,"location":null,"numPassingAsserts":1,"retryReasons":[],"status":"passed","title":"should detect CommonJS import style"},{"ancestorTitles":["context-collector","extractCodebasePatterns"],"duration":0,"failureDetails":[],"failureMessages":[],"fullName":"context-collector extractCodebasePatterns should detect ESM import style","invocations":1,"location":null,"numPassingAsserts":1,"retryReasons":[],"status":"passed","title":"should detect ESM import style"},{"ancestorTitles":["context-collector","extractCodebasePatterns"],"duration":1,"failureDetails":[],"failureMessages":[],"fullName":"context-collector extractCodebasePatterns should detect test file naming convention","invocations":1,"location":null,"numPassingAsserts":1,"retryReasons":[],"status":"passed","title":"should detect test file naming convention"},{"ancestorTitles":["context-collector","extractCodebasePatterns"],"duration":0,"failureDetails":[],"failureMessages":[],"fullName":"context-collector extractCodebasePatterns should detect primary language from file extensions","invocations":1,"location":null,"numPassingAsserts":1,"retryReasons":[],"status":"passed","title":"should detect primary language from file extensions"},{"ancestorTitles":["context-collector","extractCodebasePatterns"],"duration":1,"failureDetails":[],"failureMessages":[],"fullName":"context-collector extractCodebasePatterns should detect key directories","invocations":1,"location":null,"numPassingAsserts":2,"retryReasons":[],"status":"passed","title":"should detect key directories"},{"ancestorTitles":["context-collector","extractCodebasePatterns"],"duration":0,"failureDetails":[],"failureMessages":[],"fullName":"context-collector extractCodebasePatterns should detect functional code style","invocations":1,"location":null,"numPassingAsserts":1,"retryReasons":[],"status":"passed","title":"should detect functional code style"},{"ancestorTitles":["context-collector","extractCodebasePatterns"],"duration":1,"failureDetails":[],"failureMessages":[],"fullName":"context-collector extractCodebasePatterns should return empty object for empty content","invocations":1,"location":null,"numPassingAsserts":1,"retryReasons":[],"status":"passed","title":"should return empty object for empty content"},{"ancestorTitles":["context-collector","getIncrementalContext"],"duration":3,"failureDetails":[],"failureMessages":[],"fullName":"context-collector getIncrementalContext should return AI prompt summary from cache if valid","invocations":1,"location":null,"numPassingAsserts":2,"retryReasons":[],"status":"passed","title":"should return AI prompt summary from cache if valid"},{"ancestorTitles":["context-collector","getIncrementalContext"],"duration":1,"failureDetails":[],"failureMessages":[],"fullName":"context-collector getIncrementalContext should generate new summary if AI prompt changed","invocations":1,"location":null,"numPassingAsserts":4,"retryReasons":[],"status":"passed","title":"should generate new summary if AI prompt changed"},{"ancestorTitles":["context-collector","getIncrementalContext"],"duration":1,"failureDetails":[],"failureMessages":[],"fullName":"context-collector getIncrementalContext should exclude current task from context","invocations":1,"location":null,"numPassingAsserts":1,"retryReasons":[],"status":"passed","title":"should exclude current task from context"},{"ancestorTitles":["context-collector","buildConsolidatedContext"],"duration":0,"failureDetails":[],"failureMessages":[],"fullName":"context-collector buildConsolidatedContext should build context string with all sections","invocations":1,"location":null,"numPassingAsserts":5,"retryReasons":[],"status":"passed","title":"should build context string with all sections"},{"ancestorTitles":["context-collector","markTaskCompleted"],"duration":2,"failureDetails":[],"failureMessages":[],"fullName":"context-collector markTaskCompleted should add task to cache with summary","invocations":1,"location":null,"numPassingAsserts":1,"retryReasons":[],"status":"passed","title":"should add task to cache with summary"},{"ancestorTitles":["context-collector","getContextFilePaths"],"duration":1,"failureDetails":[],"failureMessages":[],"fullName":"context-collector getContextFilePaths should return context file paths for completed tasks","invocations":1,"location":null,"numPassingAsserts":3,"retryReasons":[],"status":"passed","title":"should return context file paths for completed tasks"},{"ancestorTitles":["context-collector","getContextFilePaths"],"duration":1,"failureDetails":[],"failureMessages":[],"fullName":"context-collector getContextFilePaths should exclude incomplete tasks when onlyCompleted is true","invocations":1,"location":null,"numPassingAsserts":1,"retryReasons":[],"status":"passed","title":"should exclude incomplete tasks when onlyCompleted is true"},{"ancestorTitles":["context-collector","getRelevantSymbols (with semantic search)"],"duration":68,"failureDetails":[],"failureMessages":[],"fullName":"context-collector getRelevantSymbols (with semantic search) should return null when code index is not available","invocations":1,"location":null,"numPassingAsserts":1,"retryReasons":[],"status":"passed","title":"should return null when code index is not available"},{"ancestorTitles":["context-collector","getRelevantSymbols (with semantic search)"],"duration":0,"failureDetails":[],"failureMessages":[],"fullName":"context-collector getRelevantSymbols (with semantic search) should accept options for maxSymbols and kinds","invocations":1,"location":null,"numPassingAsserts":1,"retryReasons":[],"status":"passed","title":"should accept options for maxSymbols and kinds"},{"ancestorTitles":["context-collector","getRelevantSymbols (with semantic search)"],"duration":0,"failureDetails":[],"failureMessages":[],"fullName":"context-collector getRelevantSymbols (with semantic search) should accept useSemantic option","invocations":1,"location":null,"numPassingAsserts":1,"retryReasons":[],"status":"passed","title":"should accept useSemantic option"},{"ancestorTitles":["context-collector","getRelevantSymbols (with semantic search)"],"duration":0,"failureDetails":[],"failureMessages":[],"fullName":"context-collector getRelevantSymbols (with semantic search) should fallback to keyword search when useSemantic is false","invocations":1,"location":null,"numPassingAsserts":1,"retryReasons":[],"status":"passed","title":"should fallback to keyword search when useSemantic is false"},{"ancestorTitles":["context-collector","getFileSummary"],"duration":0,"failureDetails":[],"failureMessages":[],"fullName":"context-collector getFileSummary should return null when code index is not available","invocations":1,"location":null,"numPassingAsserts":1,"retryReasons":[],"status":"passed","title":"should return null when code index is not available"},{"ancestorTitles":["context-collector","buildConsolidatedContextAsync"],"duration":1,"failureDetails":[],"failureMessages":[],"fullName":"context-collector buildConsolidatedContextAsync should return base context when no project folder provided","invocations":1,"location":null,"numPassingAsserts":1,"retryReasons":[],"status":"passed","title":"should return base context when no project folder provided"},{"ancestorTitles":["context-collector","buildConsolidatedContextAsync"],"duration":0,"failureDetails":[],"failureMessages":[],"fullName":"context-collector buildConsolidatedContextAsync should include base context even when symbols not available","invocations":1,"location":null,"numPassingAsserts":2,"retryReasons":[],"status":"passed","title":"should include base context even when symbols not available"}],"endTime":1764343032723,"message":"","name":"/Users/samuelfajreldines/Desenvolvimento/claudiomiro/src/shared/services/context-cache/context-collector.test.js","startTime":1764343032235,"status":"passed","summary":""},{"assertionResults":[{"ancestorTitles":["OllamaClient","constructor"],"duration":1,"failureDetails":[],"failureMessages":[],"fullName":"OllamaClient constructor should use default values (no default model)","invocations":1,"location":null,"numPassingAsserts":4,"retryReasons":[],"status":"passed","title":"should use default values (no default model)"},{"ancestorTitles":["OllamaClient","constructor"],"duration":0,"failureDetails":[],"failureMessages":[],"fullName":"OllamaClient constructor should accept custom options","invocations":1,"location":null,"numPassingAsserts":4,"retryReasons":[],"status":"passed","title":"should accept custom options"},{"ancestorTitles":["OllamaClient","constructor"],"duration":0,"failureDetails":[],"failureMessages":[],"fullName":"OllamaClient constructor should read host from environment variables","invocations":1,"location":null,"numPassingAsserts":2,"retryReasons":[],"status":"passed","title":"should read host from environment variables"},{"ancestorTitles":["OllamaClient","healthCheck"],"duration":3,"failureDetails":[],"failureMessages":[],"fullName":"OllamaClient healthCheck should return available: true when server responds","invocations":1,"location":null,"numPassingAsserts":3,"retryReasons":[],"status":"passed","title":"should return available: true when server responds"},{"ancestorTitles":["OllamaClient","healthCheck"],"duration":0,"failureDetails":[],"failureMessages":[],"fullName":"OllamaClient healthCheck should return available: false on connection error","invocations":1,"location":null,"numPassingAsserts":2,"retryReasons":[],"status":"passed","title":"should return available: false on connection error"},{"ancestorTitles":["OllamaClient","generate"],"duration":1,"failureDetails":[],"failureMessages":[],"fullName":"OllamaClient generate should send correct request","invocations":1,"location":null,"numPassingAsserts":2,"retryReasons":[],"status":"passed","title":"should send correct request"},{"ancestorTitles":["OllamaClient","generate"],"duration":0,"failureDetails":[],"failureMessages":[],"fullName":"OllamaClient generate should handle empty response","invocations":1,"location":null,"numPassingAsserts":1,"retryReasons":[],"status":"passed","title":"should handle empty response"},{"ancestorTitles":["OllamaClient","generateJSON"],"duration":0,"failureDetails":[],"failureMessages":[],"fullName":"OllamaClient generateJSON should parse JSON response","invocations":1,"location":null,"numPassingAsserts":1,"retryReasons":[],"status":"passed","title":"should parse JSON response"},{"ancestorTitles":["OllamaClient","generateJSON"],"duration":0,"failureDetails":[],"failureMessages":[],"fullName":"OllamaClient generateJSON should extract JSON from text response","invocations":1,"location":null,"numPassingAsserts":1,"retryReasons":[],"status":"passed","title":"should extract JSON from text response"},{"ancestorTitles":["OllamaClient","generateJSON"],"duration":15,"failureDetails":[],"failureMessages":[],"fullName":"OllamaClient generateJSON should throw on invalid JSON","invocations":1,"location":null,"numPassingAsserts":1,"retryReasons":[],"status":"passed","title":"should throw on invalid JSON"},{"ancestorTitles":["OllamaClient","classify"],"duration":1,"failureDetails":[],"failureMessages":[],"fullName":"OllamaClient classify should return filtered topics","invocations":1,"location":null,"numPassingAsserts":3,"retryReasons":[],"status":"passed","title":"should return filtered topics"},{"ancestorTitles":["OllamaClient","classify"],"duration":0,"failureDetails":[],"failureMessages":[],"fullName":"OllamaClient classify should return empty array on error","invocations":1,"location":null,"numPassingAsserts":1,"retryReasons":[],"status":"passed","title":"should return empty array on error"},{"ancestorTitles":["OllamaClient","summarize"],"duration":1,"failureDetails":[],"failureMessages":[],"fullName":"OllamaClient summarize should return summarized text","invocations":1,"location":null,"numPassingAsserts":1,"retryReasons":[],"status":"passed","title":"should return summarized text"},{"ancestorTitles":["OllamaClient","extractSection"],"duration":0,"failureDetails":[],"failureMessages":[],"fullName":"OllamaClient extractSection should extract section content","invocations":1,"location":null,"numPassingAsserts":1,"retryReasons":[],"status":"passed","title":"should extract section content"},{"ancestorTitles":["OllamaClient","extractSection"],"duration":1,"failureDetails":[],"failureMessages":[],"fullName":"OllamaClient extractSection should return empty string for NOT_FOUND","invocations":1,"location":null,"numPassingAsserts":1,"retryReasons":[],"status":"passed","title":"should return empty string for NOT_FOUND"},{"ancestorTitles":["OllamaClient","analyzeDependencies"],"duration":1,"failureDetails":[],"failureMessages":[],"fullName":"OllamaClient analyzeDependencies should return dependency analysis","invocations":1,"location":null,"numPassingAsserts":2,"retryReasons":[],"status":"passed","title":"should return dependency analysis"},{"ancestorTitles":["OllamaClient","analyzeDependencies"],"duration":1,"failureDetails":[],"failureMessages":[],"fullName":"OllamaClient analyzeDependencies should return default on error","invocations":1,"location":null,"numPassingAsserts":2,"retryReasons":[],"status":"passed","title":"should return default on error"},{"ancestorTitles":["OllamaClient","checkCompletion"],"duration":0,"failureDetails":[],"failureMessages":[],"fullName":"OllamaClient checkCompletion should return completion status","invocations":1,"location":null,"numPassingAsserts":2,"retryReasons":[],"status":"passed","title":"should return completion status"},{"ancestorTitles":["OllamaClient","checkCompletion"],"duration":1,"failureDetails":[],"failureMessages":[],"fullName":"OllamaClient checkCompletion should return default on error","invocations":1,"location":null,"numPassingAsserts":2,"retryReasons":[],"status":"passed","title":"should return default on error"}],"endTime":1764343032815,"message":"","name":"/Users/samuelfajreldines/Desenvolvimento/claudiomiro/src/shared/services/local-llm/ollama-client.test.js","startTime":1764343032742,"status":"passed","summary":""},{"assertionResults":[{"ancestorTitles":["auto-update","getCurrentVersion"],"duration":6,"failureDetails":[],"failureMessages":[],"fullName":"auto-update getCurrentVersion should read and return current version from package.json","invocations":1,"location":null,"numPassingAsserts":2,"retryReasons":[],"status":"passed","title":"should read and return current version from package.json"},{"ancestorTitles":["auto-update","getCurrentVersion"],"duration":6,"failureDetails":[],"failureMessages":[],"fullName":"auto-update getCurrentVersion should handle package.json with different version format","invocations":1,"location":null,"numPassingAsserts":1,"retryReasons":[],"status":"passed","title":"should handle package.json with different version format"},{"ancestorTitles":["auto-update","getLatestVersion"],"duration":0,"failureDetails":[],"failureMessages":[],"fullName":"auto-update getLatestVersion should return latest version from npm","invocations":1,"location":null,"numPassingAsserts":2,"retryReasons":[],"status":"passed","title":"should return latest version from npm"},{"ancestorTitles":["auto-update","getLatestVersion"],"duration":1,"failureDetails":[],"failureMessages":[],"fullName":"auto-update getLatestVersion should return null when npm command fails","invocations":1,"location":null,"numPassingAsserts":1,"retryReasons":[],"status":"passed","title":"should return null when npm command fails"},{"ancestorTitles":["auto-update","getLatestVersion"],"duration":1,"failureDetails":[],"failureMessages":[],"fullName":"auto-update getLatestVersion should trim whitespace from npm output","invocations":1,"location":null,"numPassingAsserts":1,"retryReasons":[],"status":"passed","title":"should trim whitespace from npm output"},{"ancestorTitles":["auto-update","checkForUpdates"],"duration":1,"failureDetails":[],"failureMessages":[],"fullName":"auto-update checkForUpdates should return update available when versions differ","invocations":1,"location":null,"numPassingAsserts":1,"retryReasons":[],"status":"passed","title":"should return update available when versions differ"},{"ancestorTitles":["auto-update","checkForUpdates"],"duration":2,"failureDetails":[],"failureMessages":[],"fullName":"auto-update checkForUpdates should show warning message when update is available and not silent","invocations":1,"location":null,"numPassingAsserts":4,"retryReasons":[],"status":"passed","title":"should show warning message when update is available and not silent"},{"ancestorTitles":["auto-update","checkForUpdates"],"duration":1,"failureDetails":[],"failureMessages":[],"fullName":"auto-update checkForUpdates should not show warning message when silent option is true","invocations":1,"location":null,"numPassingAsserts":2,"retryReasons":[],"status":"passed","title":"should not show warning message when silent option is true"},{"ancestorTitles":["auto-update","checkForUpdates"],"duration":0,"failureDetails":[],"failureMessages":[],"fullName":"auto-update checkForUpdates should return no update when versions are the same","invocations":1,"location":null,"numPassingAsserts":1,"retryReasons":[],"status":"passed","title":"should return no update when versions are the same"},{"ancestorTitles":["auto-update","checkForUpdates"],"duration":0,"failureDetails":[],"failureMessages":[],"fullName":"auto-update checkForUpdates should return no update when latest version is null","invocations":1,"location":null,"numPassingAsserts":1,"retryReasons":[],"status":"passed","title":"should return no update when latest version is null"},{"ancestorTitles":["auto-update","checkForUpdates"],"duration":5,"failureDetails":[],"failureMessages":[],"fullName":"auto-update checkForUpdates should auto-update when autoUpdate option is true","invocations":1,"location":null,"numPassingAsserts":4,"retryReasons":[],"status":"passed","title":"should auto-update when autoUpdate option is true"},{"ancestorTitles":["auto-update","checkForUpdates"],"duration":1,"failureDetails":[],"failureMessages":[],"fullName":"auto-update checkForUpdates should handle auto-update failure gracefully","invocations":1,"location":null,"numPassingAsserts":2,"retryReasons":[],"status":"passed","title":"should handle auto-update failure gracefully"},{"ancestorTitles":["auto-update","checkForUpdates"],"duration":1,"failureDetails":[],"failureMessages":[],"fullName":"auto-update checkForUpdates should handle errors gracefully and return error info","invocations":1,"location":null,"numPassingAsserts":2,"retryReasons":[],"status":"passed","title":"should handle errors gracefully and return error info"},{"ancestorTitles":["auto-update","checkForUpdates"],"duration":0,"failureDetails":[],"failureMessages":[],"fullName":"auto-update checkForUpdates should use default package name when not provided","invocations":1,"location":null,"numPassingAsserts":1,"retryReasons":[],"status":"passed","title":"should use default package name when not provided"},{"ancestorTitles":["auto-update","checkForUpdatesAsync"],"duration":102,"failureDetails":[],"failureMessages":[],"fullName":"auto-update checkForUpdatesAsync should execute checkForUpdates asynchronously without blocking","invocations":1,"location":null,"numPassingAsserts":2,"retryReasons":[],"status":"passed","title":"should execute checkForUpdates asynchronously without blocking"},{"ancestorTitles":["auto-update","checkForUpdatesAsync"],"duration":101,"failureDetails":[],"failureMessages":[],"fullName":"auto-update checkForUpdatesAsync should not throw error when check fails","invocations":1,"location":null,"numPassingAsserts":1,"retryReasons":[],"status":"passed","title":"should not throw error when check fails"},{"ancestorTitles":["auto-update","checkForUpdatesAsync"],"duration":116,"failureDetails":[],"failureMessages":[],"fullName":"auto-update checkForUpdatesAsync should use default options when not provided","invocations":1,"location":null,"numPassingAsserts":1,"retryReasons":[],"status":"passed","title":"should use default options when not provided"},{"ancestorTitles":["auto-update","checkForUpdatesAsync"],"duration":102,"failureDetails":[],"failureMessages":[],"fullName":"auto-update checkForUpdatesAsync should silently catch errors and not crash","invocations":1,"location":null,"numPassingAsserts":1,"retryReasons":[],"status":"passed","title":"should silently catch errors and not crash"}],"endTime":1764343033354,"message":"","name":"/Users/samuelfajreldines/Desenvolvimento/claudiomiro/src/shared/utils/auto-update.test.js","startTime":1764343032834,"status":"passed","summary":""},{"assertionResults":[{"ancestorTitles":["validation","isFullyImplemented","basic detection"],"duration":0,"failureDetails":[],"failureMessages":[],"fullName":"validation isFullyImplemented basic detection should return true for exact match \"fully implemented: yes\"","invocations":1,"location":null,"numPassingAsserts":1,"retryReasons":[],"status":"passed","title":"should return true for exact match \"fully implemented: yes\""},{"ancestorTitles":["validation","isFullyImplemented","basic detection"],"duration":0,"failureDetails":[],"failureMessages":[],"fullName":"validation isFullyImplemented basic detection should return true for \"fully implemented: yes\" with extra spacing","invocations":1,"location":null,"numPassingAsserts":1,"retryReasons":[],"status":"passed","title":"should return true for \"fully implemented: yes\" with extra spacing"},{"ancestorTitles":["validation","isFullyImplemented","basic detection"],"duration":1,"failureDetails":[],"failureMessages":[],"fullName":"validation isFullyImplemented basic detection should return true for lowercase \"fully implemented: yes\"","invocations":1,"location":null,"numPassingAsserts":1,"retryReasons":[],"status":"passed","title":"should return true for lowercase \"fully implemented: yes\""},{"ancestorTitles":["validation","isFullyImplemented","basic detection"],"duration":0,"failureDetails":[],"failureMessages":[],"fullName":"validation isFullyImplemented basic detection should return true for mixed case \"Fully Implemented: Yes\"","invocations":1,"location":null,"numPassingAsserts":1,"retryReasons":[],"status":"passed","title":"should return true for mixed case \"Fully Implemented: Yes\""},{"ancestorTitles":["validation","isFullyImplemented","basic detection"],"duration":0,"failureDetails":[],"failureMessages":[],"fullName":"validation isFullyImplemented basic detection should return true for uppercase \"FULLY IMPLEMENTED: YES\"","invocations":1,"location":null,"numPassingAsserts":1,"retryReasons":[],"status":"passed","title":"should return true for uppercase \"FULLY IMPLEMENTED: YES\""},{"ancestorTitles":["validation","isFullyImplemented","basic detection"],"duration":0,"failureDetails":[],"failureMessages":[],"fullName":"validation isFullyImplemented basic detection should return false for \"fully implemented: no\"","invocations":1,"location":null,"numPassingAsserts":1,"retryReasons":[],"status":"passed","title":"should return false for \"fully implemented: no\""},{"ancestorTitles":["validation","isFullyImplemented","basic detection"],"duration":0,"failureDetails":[],"failureMessages":[],"fullName":"validation isFullyImplemented basic detection should return false for \"fully implemented: maybe\"","invocations":1,"location":null,"numPassingAsserts":1,"retryReasons":[],"status":"passed","title":"should return false for \"fully implemented: maybe\""},{"ancestorTitles":["validation","isFullyImplemented","task list filtering"],"duration":0,"failureDetails":[],"failureMessages":[],"fullName":"validation isFullyImplemented task list filtering should ignore \"fully implemented: yes\" inside task items","invocations":1,"location":null,"numPassingAsserts":1,"retryReasons":[],"status":"passed","title":"should ignore \"fully implemented: yes\" inside task items"},{"ancestorTitles":["validation","isFullyImplemented","task list filtering"],"duration":0,"failureDetails":[],"failureMessages":[],"fullName":"validation isFullyImplemented task list filtering should ignore \"fully implemented: yes\" in checked task items","invocations":1,"location":null,"numPassingAsserts":1,"retryReasons":[],"status":"passed","title":"should ignore \"fully implemented: yes\" in checked task items"},{"ancestorTitles":["validation","isFullyImplemented","task list filtering"],"duration":0,"failureDetails":[],"failureMessages":[],"fullName":"validation isFullyImplemented task list filtering should detect \"fully implemented: yes\" that is not part of a task","invocations":1,"location":null,"numPassingAsserts":1,"retryReasons":[],"status":"passed","title":"should detect \"fully implemented: yes\" that is not part of a task"},{"ancestorTitles":["validation","isFullyImplemented","task list filtering"],"duration":0,"failureDetails":[],"failureMessages":[],"fullName":"validation isFullyImplemented task list filtering should ignore task items but detect standalone declaration","invocations":1,"location":null,"numPassingAsserts":1,"retryReasons":[],"status":"passed","title":"should ignore task items but detect standalone declaration"},{"ancestorTitles":["validation","isFullyImplemented","first 10 lines limitation"],"duration":0,"failureDetails":[],"failureMessages":[],"fullName":"validation isFullyImplemented first 10 lines limitation should detect \"fully implemented: yes\" within first 10 lines","invocations":1,"location":null,"numPassingAsserts":1,"retryReasons":[],"status":"passed","title":"should detect \"fully implemented: yes\" within first 10 lines"},{"ancestorTitles":["validation","isFullyImplemented","first 10 lines limitation"],"duration":1,"failureDetails":[],"failureMessages":[],"fullName":"validation isFullyImplemented first 10 lines limitation should not detect \"fully implemented: yes\" after line 10","invocations":1,"location":null,"numPassingAsserts":1,"retryReasons":[],"status":"passed","title":"should not detect \"fully implemented: yes\" after line 10"},{"ancestorTitles":["validation","isFullyImplemented","first 10 lines limitation"],"duration":0,"failureDetails":[],"failureMessages":[],"fullName":"validation isFullyImplemented first 10 lines limitation should check exactly first 10 lines only","invocations":1,"location":null,"numPassingAsserts":1,"retryReasons":[],"status":"passed","title":"should check exactly first 10 lines only"},{"ancestorTitles":["validation","isFullyImplemented","first 10 lines limitation"],"duration":0,"failureDetails":[],"failureMessages":[],"fullName":"validation isFullyImplemented first 10 lines limitation should handle files with fewer than 10 lines","invocations":1,"location":null,"numPassingAsserts":1,"retryReasons":[],"status":"passed","title":"should handle files with fewer than 10 lines"},{"ancestorTitles":["validation","isFullyImplemented","edge cases and error handling"],"duration":0,"failureDetails":[],"failureMessages":[],"fullName":"validation isFullyImplemented edge cases and error handling should handle empty file","invocations":1,"location":null,"numPassingAsserts":1,"retryReasons":[],"status":"passed","title":"should handle empty file"},{"ancestorTitles":["validation","isFullyImplemented","edge cases and error handling"],"duration":0,"failureDetails":[],"failureMessages":[],"fullName":"validation isFullyImplemented edge cases and error handling should handle file with only whitespace","invocations":1,"location":null,"numPassingAsserts":1,"retryReasons":[],"status":"passed","title":"should handle file with only whitespace"},{"ancestorTitles":["validation","isFullyImplemented","edge cases and error handling"],"duration":0,"failureDetails":[],"failureMessages":[],"fullName":"validation isFullyImplemented edge cases and error handling should handle file with only newlines","invocations":1,"location":null,"numPassingAsserts":1,"retryReasons":[],"status":"passed","title":"should handle file with only newlines"},{"ancestorTitles":["validation","isFullyImplemented","edge cases and error handling"],"duration":9,"failureDetails":[],"failureMessages":[],"fullName":"validation isFullyImplemented edge cases and error handling should throw error for non-existent file","invocations":1,"location":null,"numPassingAsserts":1,"retryReasons":[],"status":"passed","title":"should throw error for non-existent file"},{"ancestorTitles":["validation","isFullyImplemented","edge cases and error handling"],"duration":1,"failureDetails":[],"failureMessages":[],"fullName":"validation isFullyImplemented edge cases and error handling should throw error for file read permission errors","invocations":1,"location":null,"numPassingAsserts":1,"retryReasons":[],"status":"passed","title":"should throw error for file read permission errors"},{"ancestorTitles":["validation","isFullyImplemented","edge cases and error handling"],"duration":0,"failureDetails":[],"failureMessages":[],"fullName":"validation isFullyImplemented edge cases and error handling should handle very long lines","invocations":1,"location":null,"numPassingAsserts":1,"retryReasons":[],"status":"passed","title":"should handle very long lines"},{"ancestorTitles":["validation","isFullyImplemented","edge cases and error handling"],"duration":0,"failureDetails":[],"failureMessages":[],"fullName":"validation isFullyImplemented edge cases and error handling should handle special characters","invocations":1,"location":null,"numPassingAsserts":1,"retryReasons":[],"status":"passed","title":"should handle special characters"},{"ancestorTitles":["validation","isFullyImplemented","edge cases and error handling"],"duration":0,"failureDetails":[],"failureMessages":[],"fullName":"validation isFullyImplemented edge cases and error handling should handle Unicode content","invocations":1,"location":null,"numPassingAsserts":1,"retryReasons":[],"status":"passed","title":"should handle Unicode content"},{"ancestorTitles":["validation","isFullyImplemented","edge cases and error handling"],"duration":0,"failureDetails":[],"failureMessages":[],"fullName":"validation isFullyImplemented edge cases and error handling should handle emoji in content","invocations":1,"location":null,"numPassingAsserts":1,"retryReasons":[],"status":"passed","title":"should handle emoji in content"},{"ancestorTitles":["validation","isFullyImplemented","edge cases and error handling"],"duration":0,"failureDetails":[],"failureMessages":[],"fullName":"validation isFullyImplemented edge cases and error handling should handle tabs and special whitespace","invocations":1,"location":null,"numPassingAsserts":1,"retryReasons":[],"status":"passed","title":"should handle tabs and special whitespace"},{"ancestorTitles":["validation","isFullyImplemented","edge cases and error handling"],"duration":0,"failureDetails":[],"failureMessages":[],"fullName":"validation isFullyImplemented edge cases and error handling should handle CRLF line endings","invocations":1,"location":null,"numPassingAsserts":1,"retryReasons":[],"status":"passed","title":"should handle CRLF line endings"},{"ancestorTitles":["validation","isFullyImplemented","edge cases and error handling"],"duration":0,"failureDetails":[],"failureMessages":[],"fullName":"validation isFullyImplemented edge cases and error handling should handle mixed line endings","invocations":1,"location":null,"numPassingAsserts":1,"retryReasons":[],"status":"passed","title":"should handle mixed line endings"},{"ancestorTitles":["validation","isFullyImplemented","malformed content"],"duration":1,"failureDetails":[],"failureMessages":[],"fullName":"validation isFullyImplemented malformed content should return false for partial match \"fully implemented:\"","invocations":1,"location":null,"numPassingAsserts":1,"retryReasons":[],"status":"passed","title":"should return false for partial match \"fully implemented:\""},{"ancestorTitles":["validation","isFullyImplemented","malformed content"],"duration":0,"failureDetails":[],"failureMessages":[],"fullName":"validation isFullyImplemented malformed content should return false for \"fully: yes\"","invocations":1,"location":null,"numPassingAsserts":1,"retryReasons":[],"status":"passed","title":"should return false for \"fully: yes\""},{"ancestorTitles":["validation","isFullyImplemented","malformed content"],"duration":0,"failureDetails":[],"failureMessages":[],"fullName":"validation isFullyImplemented malformed content should return false for \"implemented: yes\"","invocations":1,"location":null,"numPassingAsserts":1,"retryReasons":[],"status":"passed","title":"should return false for \"implemented: yes\""},{"ancestorTitles":["validation","isFullyImplemented","malformed content"],"duration":0,"failureDetails":[],"failureMessages":[],"fullName":"validation isFullyImplemented malformed content should handle content without the marker","invocations":1,"location":null,"numPassingAsserts":1,"retryReasons":[],"status":"passed","title":"should handle content without the marker"},{"ancestorTitles":["validation","isFullyImplemented","multi-line and formatting variations"],"duration":0,"failureDetails":[],"failureMessages":[],"fullName":"validation isFullyImplemented multi-line and formatting variations should handle \"fully implemented: yes\" on first line","invocations":1,"location":null,"numPassingAsserts":1,"retryReasons":[],"status":"passed","title":"should handle \"fully implemented: yes\" on first line"},{"ancestorTitles":["validation","isFullyImplemented","multi-line and formatting variations"],"duration":0,"failureDetails":[],"failureMessages":[],"fullName":"validation isFullyImplemented multi-line and formatting variations should handle \"fully implemented: yes\" on last checked line (line 10)","invocations":1,"location":null,"numPassingAsserts":1,"retryReasons":[],"status":"passed","title":"should handle \"fully implemented: yes\" on last checked line (line 10)"},{"ancestorTitles":["validation","isFullyImplemented","multi-line and formatting variations"],"duration":0,"failureDetails":[],"failureMessages":[],"fullName":"validation isFullyImplemented multi-line and formatting variations should handle multiple occurrences within first 10 lines","invocations":1,"location":null,"numPassingAsserts":1,"retryReasons":[],"status":"passed","title":"should handle multiple occurrences within first 10 lines"},{"ancestorTitles":["validation","isFullyImplemented","multi-line and formatting variations"],"duration":0,"failureDetails":[],"failureMessages":[],"fullName":"validation isFullyImplemented multi-line and formatting variations should not match text before \"fully implemented: yes\" on same line","invocations":1,"location":null,"numPassingAsserts":1,"retryReasons":[],"status":"passed","title":"should not match text before \"fully implemented: yes\" on same line"},{"ancestorTitles":["validation","isFullyImplemented","multi-line and formatting variations"],"duration":0,"failureDetails":[],"failureMessages":[],"fullName":"validation isFullyImplemented multi-line and formatting variations should detect with various spacing around colon","invocations":1,"location":null,"numPassingAsserts":1,"retryReasons":[],"status":"passed","title":"should detect with various spacing around colon"}],"endTime":1764343033412,"message":"","name":"/Users/samuelfajreldines/Desenvolvimento/claudiomiro/src/commands/task-executor/utils/validation.test.js","startTime":1764343033357,"status":"passed","summary":""},{"assertionResults":[{"ancestorTitles":["prompt-reader","getMultilineInput"],"duration":11,"failureDetails":[],"failureMessages":[],"fullName":"prompt-reader getMultilineInput should create readline interface with correct options","invocations":1,"location":null,"numPassingAsserts":2,"retryReasons":[],"status":"passed","title":"should create readline interface with correct options"},{"ancestorTitles":["prompt-reader","getMultilineInput"],"duration":21,"failureDetails":[],"failureMessages":[],"fullName":"prompt-reader getMultilineInput should handle SIGINT cancellation","invocations":1,"location":null,"numPassingAsserts":3,"retryReasons":[],"status":"passed","title":"should handle SIGINT cancellation"},{"ancestorTitles":["prompt-reader","getMultilineInput"],"duration":11,"failureDetails":[],"failureMessages":[],"fullName":"prompt-reader getMultilineInput should display formatted output","invocations":1,"location":null,"numPassingAsserts":2,"retryReasons":[],"status":"passed","title":"should display formatted output"},{"ancestorTitles":["prompt-reader","getSimpleInput"],"duration":6,"failureDetails":[],"failureMessages":[],"fullName":"prompt-reader getSimpleInput should create readline interface and handle question","invocations":1,"location":null,"numPassingAsserts":3,"retryReasons":[],"status":"passed","title":"should create readline interface and handle question"},{"ancestorTitles":["prompt-reader","getSimpleInput"],"duration":21,"failureDetails":[],"failureMessages":[],"fullName":"prompt-reader getSimpleInput should handle SIGINT cancellation","invocations":1,"location":null,"numPassingAsserts":3,"retryReasons":[],"status":"passed","title":"should handle SIGINT cancellation"},{"ancestorTitles":["prompt-reader","getSimpleInput"],"duration":7,"failureDetails":[],"failureMessages":[],"fullName":"prompt-reader getSimpleInput should trim whitespace from answer","invocations":1,"location":null,"numPassingAsserts":1,"retryReasons":[],"status":"passed","title":"should trim whitespace from answer"},{"ancestorTitles":["prompt-reader","askClarificationQuestions"],"duration":2,"failureDetails":[],"failureMessages":[],"fullName":"prompt-reader askClarificationQuestions should process JSON string questions and collect answers","invocations":1,"location":null,"numPassingAsserts":4,"retryReasons":[],"status":"passed","title":"should process JSON string questions and collect answers"},{"ancestorTitles":["prompt-reader","askClarificationQuestions"],"duration":1,"failureDetails":[],"failureMessages":[],"fullName":"prompt-reader askClarificationQuestions should process object questions and collect answers","invocations":1,"location":null,"numPassingAsserts":3,"retryReasons":[],"status":"passed","title":"should process object questions and collect answers"},{"ancestorTitles":["prompt-reader","askClarificationQuestions"],"duration":3,"failureDetails":[],"failureMessages":[],"fullName":"prompt-reader askClarificationQuestions should handle multiple questions","invocations":1,"location":null,"numPassingAsserts":4,"retryReasons":[],"status":"passed","title":"should handle multiple questions"},{"ancestorTitles":["prompt-reader","askClarificationQuestions"],"duration":11,"failureDetails":[],"failureMessages":[],"fullName":"prompt-reader askClarificationQuestions should throw error for malformed JSON string","invocations":1,"location":null,"numPassingAsserts":2,"retryReasons":[],"status":"passed","title":"should throw error for malformed JSON string"},{"ancestorTitles":["prompt-reader","askClarificationQuestions"],"duration":1,"failureDetails":[],"failureMessages":[],"fullName":"prompt-reader askClarificationQuestions should throw error when questions is not an array","invocations":1,"location":null,"numPassingAsserts":2,"retryReasons":[],"status":"passed","title":"should throw error when questions is not an array"},{"ancestorTitles":["prompt-reader","askClarificationQuestions"],"duration":0,"failureDetails":[],"failureMessages":[],"fullName":"prompt-reader askClarificationQuestions should handle empty questions array","invocations":1,"location":null,"numPassingAsserts":2,"retryReasons":[],"status":"passed","title":"should handle empty questions array"},{"ancestorTitles":["prompt-reader","askClarificationQuestions"],"duration":2,"failureDetails":[],"failureMessages":[],"fullName":"prompt-reader askClarificationQuestions should handle questions with options","invocations":1,"location":null,"numPassingAsserts":2,"retryReasons":[],"status":"passed","title":"should handle questions with options"},{"ancestorTitles":["prompt-reader","askClarificationQuestions"],"duration":2,"failureDetails":[],"failureMessages":[],"fullName":"prompt-reader askClarificationQuestions should handle questions with currentPatterns","invocations":1,"location":null,"numPassingAsserts":2,"retryReasons":[],"status":"passed","title":"should handle questions with currentPatterns"},{"ancestorTitles":["prompt-reader","askClarificationQuestions"],"duration":2,"failureDetails":[],"failureMessages":[],"fullName":"prompt-reader askClarificationQuestions should handle Unicode content in questions and answers","invocations":1,"location":null,"numPassingAsserts":3,"retryReasons":[],"status":"passed","title":"should handle Unicode content in questions and answers"},{"ancestorTitles":["prompt-reader","askClarificationQuestions"],"duration":2,"failureDetails":[],"failureMessages":[],"fullName":"prompt-reader askClarificationQuestions should verify timestamp format in response","invocations":1,"location":null,"numPassingAsserts":2,"retryReasons":[],"status":"passed","title":"should verify timestamp format in response"},{"ancestorTitles":["prompt-reader","askClarificationQuestions"],"duration":3,"failureDetails":[],"failureMessages":[],"fullName":"prompt-reader askClarificationQuestions should handle questions with missing required fields","invocations":1,"location":null,"numPassingAsserts":1,"retryReasons":[],"status":"passed","title":"should handle questions with missing required fields"}],"endTime":1764343033709,"message":"","name":"/Users/samuelfajreldines/Desenvolvimento/claudiomiro/src/shared/services/prompt-reader.test.js","startTime":1764343033421,"status":"passed","summary":""},{"assertionResults":[{"ancestorTitles":["CodeIndex","IndexBuilder"],"duration":4,"failureDetails":[],"failureMessages":[],"fullName":"CodeIndex IndexBuilder should scan directory and find JavaScript files","invocations":1,"location":null,"numPassingAsserts":2,"retryReasons":[],"status":"passed","title":"should scan directory and find JavaScript files"},{"ancestorTitles":["CodeIndex","IndexBuilder"],"duration":2,"failureDetails":[],"failureMessages":[],"fullName":"CodeIndex IndexBuilder should ignore node_modules directory","invocations":1,"location":null,"numPassingAsserts":1,"retryReasons":[],"status":"passed","title":"should ignore node_modules directory"},{"ancestorTitles":["CodeIndex","IndexBuilder"],"duration":1,"failureDetails":[],"failureMessages":[],"fullName":"CodeIndex IndexBuilder should extract function declarations","invocations":1,"location":null,"numPassingAsserts":1,"retryReasons":[],"status":"passed","title":"should extract function declarations"},{"ancestorTitles":["CodeIndex","IndexBuilder"],"duration":1,"failureDetails":[],"failureMessages":[],"fullName":"CodeIndex IndexBuilder should extract class declarations","invocations":1,"location":null,"numPassingAsserts":1,"retryReasons":[],"status":"passed","title":"should extract class declarations"},{"ancestorTitles":["CodeIndex","IndexBuilder"],"duration":1,"failureDetails":[],"failureMessages":[],"fullName":"CodeIndex IndexBuilder should detect exported symbols","invocations":1,"location":null,"numPassingAsserts":1,"retryReasons":[],"status":"passed","title":"should detect exported symbols"},{"ancestorTitles":["CodeIndex","IndexBuilder"],"duration":1,"failureDetails":[],"failureMessages":[],"fullName":"CodeIndex IndexBuilder should calculate file hashes","invocations":1,"location":null,"numPassingAsserts":2,"retryReasons":[],"status":"passed","title":"should calculate file hashes"},{"ancestorTitles":["CodeIndex","IndexBuilder"],"duration":2,"failureDetails":[],"failureMessages":[],"fullName":"CodeIndex IndexBuilder should handle TypeScript files","invocations":1,"location":null,"numPassingAsserts":1,"retryReasons":[],"status":"passed","title":"should handle TypeScript files"},{"ancestorTitles":["CodeIndex","IndexBuilder"],"duration":0,"failureDetails":[],"failureMessages":[],"fullName":"CodeIndex IndexBuilder should handle empty directory","invocations":1,"location":null,"numPassingAsserts":2,"retryReasons":[],"status":"passed","title":"should handle empty directory"},{"ancestorTitles":["CodeIndex","IndexBuilder"],"duration":6,"failureDetails":[],"failureMessages":[],"fullName":"CodeIndex IndexBuilder should respect maxFileSize option","invocations":1,"location":null,"numPassingAsserts":1,"retryReasons":[],"status":"passed","title":"should respect maxFileSize option"},{"ancestorTitles":["CodeIndex","IndexBuilder"],"duration":3,"failureDetails":[],"failureMessages":[],"fullName":"CodeIndex IndexBuilder should perform incremental scan","invocations":1,"location":null,"numPassingAsserts":1,"retryReasons":[],"status":"passed","title":"should perform incremental scan"},{"ancestorTitles":["CodeIndex","QueryEngine"],"duration":0,"failureDetails":[],"failureMessages":[],"fullName":"CodeIndex QueryEngine should find symbol by ID","invocations":1,"location":null,"numPassingAsserts":2,"retryReasons":[],"status":"passed","title":"should find symbol by ID"},{"ancestorTitles":["CodeIndex","QueryEngine"],"duration":1,"failureDetails":[],"failureMessages":[],"fullName":"CodeIndex QueryEngine should return null for non-existent ID","invocations":1,"location":null,"numPassingAsserts":1,"retryReasons":[],"status":"passed","title":"should return null for non-existent ID"},{"ancestorTitles":["CodeIndex","QueryEngine"],"duration":1,"failureDetails":[],"failureMessages":[],"fullName":"CodeIndex QueryEngine should find symbols by name","invocations":1,"location":null,"numPassingAsserts":2,"retryReasons":[],"status":"passed","title":"should find symbols by name"},{"ancestorTitles":["CodeIndex","QueryEngine"],"duration":1,"failureDetails":[],"failureMessages":[],"fullName":"CodeIndex QueryEngine should find symbols by partial name","invocations":1,"location":null,"numPassingAsserts":2,"retryReasons":[],"status":"passed","title":"should find symbols by partial name"},{"ancestorTitles":["CodeIndex","QueryEngine"],"duration":0,"failureDetails":[],"failureMessages":[],"fullName":"CodeIndex QueryEngine should find symbols by kind","invocations":1,"location":null,"numPassingAsserts":2,"retryReasons":[],"status":"passed","title":"should find symbols by kind"},{"ancestorTitles":["CodeIndex","QueryEngine"],"duration":1,"failureDetails":[],"failureMessages":[],"fullName":"CodeIndex QueryEngine should find symbols by file","invocations":1,"location":null,"numPassingAsserts":1,"retryReasons":[],"status":"passed","title":"should find symbols by file"},{"ancestorTitles":["CodeIndex","QueryEngine"],"duration":0,"failureDetails":[],"failureMessages":[],"fullName":"CodeIndex QueryEngine should find exported symbols","invocations":1,"location":null,"numPassingAsserts":2,"retryReasons":[],"status":"passed","title":"should find exported symbols"},{"ancestorTitles":["CodeIndex","QueryEngine"],"duration":1,"failureDetails":[],"failureMessages":[],"fullName":"CodeIndex QueryEngine should search with multiple filters","invocations":1,"location":null,"numPassingAsserts":1,"retryReasons":[],"status":"passed","title":"should search with multiple filters"},{"ancestorTitles":["CodeIndex","QueryEngine"],"duration":0,"failureDetails":[],"failureMessages":[],"fullName":"CodeIndex QueryEngine should get file dependencies","invocations":1,"location":null,"numPassingAsserts":2,"retryReasons":[],"status":"passed","title":"should get file dependencies"},{"ancestorTitles":["CodeIndex","QueryEngine"],"duration":1,"failureDetails":[],"failureMessages":[],"fullName":"CodeIndex QueryEngine should get file summary","invocations":1,"location":null,"numPassingAsserts":3,"retryReasons":[],"status":"passed","title":"should get file summary"},{"ancestorTitles":["CodeIndex","QueryEngine"],"duration":1,"failureDetails":[],"failureMessages":[],"fullName":"CodeIndex QueryEngine should get codebase summary","invocations":1,"location":null,"numPassingAsserts":3,"retryReasons":[],"status":"passed","title":"should get codebase summary"},{"ancestorTitles":["CodeIndex","QueryEngine"],"duration":0,"failureDetails":[],"failureMessages":[],"fullName":"CodeIndex QueryEngine should find symbols by topic","invocations":1,"location":null,"numPassingAsserts":1,"retryReasons":[],"status":"passed","title":"should find symbols by topic"},{"ancestorTitles":["CodeIndex","QueryEngine"],"duration":1,"failureDetails":[],"failureMessages":[],"fullName":"CodeIndex QueryEngine should format symbols for prompt","invocations":1,"location":null,"numPassingAsserts":2,"retryReasons":[],"status":"passed","title":"should format symbols for prompt"},{"ancestorTitles":["CodeIndex","QueryEngine"],"duration":1,"failureDetails":[],"failureMessages":[],"fullName":"CodeIndex QueryEngine should convert to handles","invocations":1,"location":null,"numPassingAsserts":5,"retryReasons":[],"status":"passed","title":"should convert to handles"},{"ancestorTitles":["CodeIndex","QueryEngine"],"duration":0,"failureDetails":[],"failureMessages":[],"fullName":"CodeIndex QueryEngine should build dependency graph","invocations":1,"location":null,"numPassingAsserts":1,"retryReasons":[],"status":"passed","title":"should build dependency graph"},{"ancestorTitles":["CodeIndex","QueryEngine","semanticSearch (with fallback)"],"duration":4,"failureDetails":[],"failureMessages":[],"fullName":"CodeIndex QueryEngine semanticSearch (with fallback) should return keyword-matched results when Ollama unavailable","invocations":1,"location":null,"numPassingAsserts":2,"retryReasons":[],"status":"passed","title":"should return keyword-matched results when Ollama unavailable"},{"ancestorTitles":["CodeIndex","QueryEngine","semanticSearch (with fallback)"],"duration":1,"failureDetails":[],"failureMessages":[],"fullName":"CodeIndex QueryEngine semanticSearch (with fallback) should filter by kinds","invocations":1,"location":null,"numPassingAsserts":1,"retryReasons":[],"status":"passed","title":"should filter by kinds"},{"ancestorTitles":["CodeIndex","QueryEngine","semanticSearch (with fallback)"],"duration":0,"failureDetails":[],"failureMessages":[],"fullName":"CodeIndex QueryEngine semanticSearch (with fallback) should limit results by maxResults","invocations":1,"location":null,"numPassingAsserts":1,"retryReasons":[],"status":"passed","title":"should limit results by maxResults"},{"ancestorTitles":["CodeIndex","QueryEngine","semanticSearch (with fallback)"],"duration":1,"failureDetails":[],"failureMessages":[],"fullName":"CodeIndex QueryEngine semanticSearch (with fallback) should return empty array for no matches","invocations":1,"location":null,"numPassingAsserts":1,"retryReasons":[],"status":"passed","title":"should return empty array for no matches"},{"ancestorTitles":["CodeIndex","QueryEngine","getSmartContext (with fallback)"],"duration":0,"failureDetails":[],"failureMessages":[],"fullName":"CodeIndex QueryEngine getSmartContext (with fallback) should return context object with symbols","invocations":1,"location":null,"numPassingAsserts":5,"retryReasons":[],"status":"passed","title":"should return context object with symbols"},{"ancestorTitles":["CodeIndex","QueryEngine","getSmartContext (with fallback)"],"duration":1,"failureDetails":[],"failureMessages":[],"fullName":"CodeIndex QueryEngine getSmartContext (with fallback) should include relevant symbols","invocations":1,"location":null,"numPassingAsserts":1,"retryReasons":[],"status":"passed","title":"should include relevant symbols"},{"ancestorTitles":["CodeIndex","QueryEngine","getSmartContext (with fallback)"],"duration":0,"failureDetails":[],"failureMessages":[],"fullName":"CodeIndex QueryEngine getSmartContext (with fallback) should track files in context","invocations":1,"location":null,"numPassingAsserts":1,"retryReasons":[],"status":"passed","title":"should track files in context"},{"ancestorTitles":["CodeIndex","QueryEngine","getSmartContext (with fallback)"],"duration":1,"failureDetails":[],"failureMessages":[],"fullName":"CodeIndex QueryEngine getSmartContext (with fallback) should return empty context for no matches","invocations":1,"location":null,"numPassingAsserts":1,"retryReasons":[],"status":"passed","title":"should return empty context for no matches"},{"ancestorTitles":["CodeIndex","QueryEngine","explainSymbol (with fallback)"],"duration":1,"failureDetails":[],"failureMessages":[],"fullName":"CodeIndex QueryEngine explainSymbol (with fallback) should return explanation for valid symbol","invocations":1,"location":null,"numPassingAsserts":6,"retryReasons":[],"status":"passed","title":"should return explanation for valid symbol"},{"ancestorTitles":["CodeIndex","QueryEngine","explainSymbol (with fallback)"],"duration":0,"failureDetails":[],"failureMessages":[],"fullName":"CodeIndex QueryEngine explainSymbol (with fallback) should return null for non-existent symbol","invocations":1,"location":null,"numPassingAsserts":1,"retryReasons":[],"status":"passed","title":"should return null for non-existent symbol"},{"ancestorTitles":["CodeIndex","QueryEngine","explainSymbol (with fallback)"],"duration":1,"failureDetails":[],"failureMessages":[],"fullName":"CodeIndex QueryEngine explainSymbol (with fallback) should generate basic description without LLM","invocations":1,"location":null,"numPassingAsserts":3,"retryReasons":[],"status":"passed","title":"should generate basic description without LLM"},{"ancestorTitles":["CodeIndex","QueryEngine","explainSymbol (with fallback)"],"duration":0,"failureDetails":[],"failureMessages":[],"fullName":"CodeIndex QueryEngine explainSymbol (with fallback) should include different descriptions for different kinds","invocations":1,"location":null,"numPassingAsserts":2,"retryReasons":[],"status":"passed","title":"should include different descriptions for different kinds"},{"ancestorTitles":["CodeIndex","QueryEngine","rankSymbols (with fallback)"],"duration":1,"failureDetails":[],"failureMessages":[],"fullName":"CodeIndex QueryEngine rankSymbols (with fallback) should rank symbols by relevance","invocations":1,"location":null,"numPassingAsserts":4,"retryReasons":[],"status":"passed","title":"should rank symbols by relevance"},{"ancestorTitles":["CodeIndex","QueryEngine","rankSymbols (with fallback)"],"duration":0,"failureDetails":[],"failureMessages":[],"fullName":"CodeIndex QueryEngine rankSymbols (with fallback) should return empty array for empty input","invocations":1,"location":null,"numPassingAsserts":1,"retryReasons":[],"status":"passed","title":"should return empty array for empty input"},{"ancestorTitles":["CodeIndex","QueryEngine","rankSymbols (with fallback)"],"duration":0,"failureDetails":[],"failureMessages":[],"fullName":"CodeIndex QueryEngine rankSymbols (with fallback) should boost exported symbols","invocations":1,"location":null,"numPassingAsserts":1,"retryReasons":[],"status":"passed","title":"should boost exported symbols"},{"ancestorTitles":["CodeIndex","QueryEngine","isLLMAvailable"],"duration":1,"failureDetails":[],"failureMessages":[],"fullName":"CodeIndex QueryEngine isLLMAvailable should return false when LocalLLM not configured","invocations":1,"location":null,"numPassingAsserts":1,"retryReasons":[],"status":"passed","title":"should return false when LocalLLM not configured"},{"ancestorTitles":["CodeIndex","CodeIndex (Integration)"],"duration":2,"failureDetails":[],"failureMessages":[],"fullName":"CodeIndex CodeIndex (Integration) should build index from directory","invocations":1,"location":null,"numPassingAsserts":1,"retryReasons":[],"status":"passed","title":"should build index from directory"},{"ancestorTitles":["CodeIndex","CodeIndex (Integration)"],"duration":2,"failureDetails":[],"failureMessages":[],"fullName":"CodeIndex CodeIndex (Integration) should cache index to disk","invocations":1,"location":null,"numPassingAsserts":1,"retryReasons":[],"status":"passed","title":"should cache index to disk"},{"ancestorTitles":["CodeIndex","CodeIndex (Integration)"],"duration":2,"failureDetails":[],"failureMessages":[],"fullName":"CodeIndex CodeIndex (Integration) should load index from cache","invocations":1,"location":null,"numPassingAsserts":1,"retryReasons":[],"status":"passed","title":"should load index from cache"},{"ancestorTitles":["CodeIndex","CodeIndex (Integration)"],"duration":2,"failureDetails":[],"failureMessages":[],"fullName":"CodeIndex CodeIndex (Integration) should clear cache","invocations":1,"location":null,"numPassingAsserts":2,"retryReasons":[],"status":"passed","title":"should clear cache"},{"ancestorTitles":["CodeIndex","CodeIndex (Integration)"],"duration":2,"failureDetails":[],"failureMessages":[],"fullName":"CodeIndex CodeIndex (Integration) should find relevant symbols","invocations":1,"location":null,"numPassingAsserts":1,"retryReasons":[],"status":"passed","title":"should find relevant symbols"},{"ancestorTitles":["CodeIndex","CodeIndex (Integration)"],"duration":2,"failureDetails":[],"failureMessages":[],"fullName":"CodeIndex CodeIndex (Integration) should get symbol context","invocations":1,"location":null,"numPassingAsserts":3,"retryReasons":[],"status":"passed","title":"should get symbol context"},{"ancestorTitles":["CodeIndex","CodeIndex (Integration)"],"duration":1,"failureDetails":[],"failureMessages":[],"fullName":"CodeIndex CodeIndex (Integration) should search with filters","invocations":1,"location":null,"numPassingAsserts":1,"retryReasons":[],"status":"passed","title":"should search with filters"},{"ancestorTitles":["CodeIndex","CodeIndex (Integration)"],"duration":13,"failureDetails":[],"failureMessages":[],"fullName":"CodeIndex CodeIndex (Integration) should throw error when not built","invocations":1,"location":null,"numPassingAsserts":2,"retryReasons":[],"status":"passed","title":"should throw error when not built"},{"ancestorTitles":["CodeIndex","CodeIndex (Integration)"],"duration":2,"failureDetails":[],"failureMessages":[],"fullName":"CodeIndex CodeIndex (Integration) should format symbols for LLM prompt","invocations":1,"location":null,"numPassingAsserts":2,"retryReasons":[],"status":"passed","title":"should format symbols for LLM prompt"},{"ancestorTitles":["CodeIndex","CodeIndex (Integration)","Ollama-Enhanced Methods"],"duration":2,"failureDetails":[],"failureMessages":[],"fullName":"CodeIndex CodeIndex (Integration) Ollama-Enhanced Methods semanticSearch should work with fallback","invocations":1,"location":null,"numPassingAsserts":1,"retryReasons":[],"status":"passed","title":"semanticSearch should work with fallback"},{"ancestorTitles":["CodeIndex","CodeIndex (Integration)","Ollama-Enhanced Methods"],"duration":2,"failureDetails":[],"failureMessages":[],"fullName":"CodeIndex CodeIndex (Integration) Ollama-Enhanced Methods getSmartContext should return context object","invocations":1,"location":null,"numPassingAsserts":3,"retryReasons":[],"status":"passed","title":"getSmartContext should return context object"},{"ancestorTitles":["CodeIndex","CodeIndex (Integration)","Ollama-Enhanced Methods"],"duration":2,"failureDetails":[],"failureMessages":[],"fullName":"CodeIndex CodeIndex (Integration) Ollama-Enhanced Methods getSmartContext with includeCode should add code snippets","invocations":1,"location":null,"numPassingAsserts":1,"retryReasons":[],"status":"passed","title":"getSmartContext with includeCode should add code snippets"},{"ancestorTitles":["CodeIndex","CodeIndex (Integration)","Ollama-Enhanced Methods"],"duration":2,"failureDetails":[],"failureMessages":[],"fullName":"CodeIndex CodeIndex (Integration) Ollama-Enhanced Methods explainSymbol should return explanation","invocations":1,"location":null,"numPassingAsserts":2,"retryReasons":[],"status":"passed","title":"explainSymbol should return explanation"},{"ancestorTitles":["CodeIndex","CodeIndex (Integration)","Ollama-Enhanced Methods"],"duration":1,"failureDetails":[],"failureMessages":[],"fullName":"CodeIndex CodeIndex (Integration) Ollama-Enhanced Methods rankSymbols should rank by relevance","invocations":1,"location":null,"numPassingAsserts":2,"retryReasons":[],"status":"passed","title":"rankSymbols should rank by relevance"},{"ancestorTitles":["CodeIndex","CodeIndex (Integration)","Ollama-Enhanced Methods"],"duration":2,"failureDetails":[],"failureMessages":[],"fullName":"CodeIndex CodeIndex (Integration) Ollama-Enhanced Methods isLLMAvailable should return boolean","invocations":1,"location":null,"numPassingAsserts":1,"retryReasons":[],"status":"passed","title":"isLLMAvailable should return boolean"},{"ancestorTitles":["CodeIndex","CodeIndex (Integration)","Ollama-Enhanced Methods"],"duration":1,"failureDetails":[],"failureMessages":[],"fullName":"CodeIndex CodeIndex (Integration) Ollama-Enhanced Methods should throw error for Ollama methods when not built","invocations":1,"location":null,"numPassingAsserts":4,"retryReasons":[],"status":"passed","title":"should throw error for Ollama methods when not built"},{"ancestorTitles":["Language Patterns"],"duration":0,"failureDetails":[],"failureMessages":[],"fullName":"Language Patterns should export SYMBOL_KINDS","invocations":1,"location":null,"numPassingAsserts":3,"retryReasons":[],"status":"passed","title":"should export SYMBOL_KINDS"},{"ancestorTitles":["Language Patterns"],"duration":0,"failureDetails":[],"failureMessages":[],"fullName":"Language Patterns should export PATTERNS","invocations":1,"location":null,"numPassingAsserts":3,"retryReasons":[],"status":"passed","title":"should export PATTERNS"},{"ancestorTitles":["Language Patterns"],"duration":0,"failureDetails":[],"failureMessages":[],"fullName":"Language Patterns should export FILE_EXTENSIONS","invocations":1,"location":null,"numPassingAsserts":2,"retryReasons":[],"status":"passed","title":"should export FILE_EXTENSIONS"},{"ancestorTitles":["Language Patterns"],"duration":0,"failureDetails":[],"failureMessages":[],"fullName":"Language Patterns isReactComponentName should detect component names","invocations":1,"location":null,"numPassingAsserts":4,"retryReasons":[],"status":"passed","title":"isReactComponentName should detect component names"},{"ancestorTitles":["Language Patterns"],"duration":1,"failureDetails":[],"failureMessages":[],"fullName":"Language Patterns isReactHookName should detect hook names","invocations":1,"location":null,"numPassingAsserts":5,"retryReasons":[],"status":"passed","title":"isReactHookName should detect hook names"},{"ancestorTitles":["Language Patterns"],"duration":0,"failureDetails":[],"failureMessages":[],"fullName":"Language Patterns inferKind should infer React component kind","invocations":1,"location":null,"numPassingAsserts":2,"retryReasons":[],"status":"passed","title":"inferKind should infer React component kind"},{"ancestorTitles":["Language Patterns"],"duration":0,"failureDetails":[],"failureMessages":[],"fullName":"Language Patterns inferKind should infer React hook kind","invocations":1,"location":null,"numPassingAsserts":2,"retryReasons":[],"status":"passed","title":"inferKind should infer React hook kind"},{"ancestorTitles":["Language Patterns"],"duration":0,"failureDetails":[],"failureMessages":[],"fullName":"Language Patterns extractParams should parse function parameters","invocations":1,"location":null,"numPassingAsserts":4,"retryReasons":[],"status":"passed","title":"extractParams should parse function parameters"}],"endTime":1764343033840,"message":"","name":"/Users/samuelfajreldines/Desenvolvimento/claudiomiro/src/shared/services/code-index/index.test.js","startTime":1764343033714,"status":"passed","summary":""},{"assertionResults":[{"ancestorTitles":["ParallelUIRenderer","Constructor"],"duration":2,"failureDetails":[],"failureMessages":[],"fullName":"ParallelUIRenderer Constructor should initialize with TerminalRenderer","invocations":1,"location":null,"numPassingAsserts":3,"retryReasons":[],"status":"passed","title":"should initialize with TerminalRenderer"},{"ancestorTitles":["ParallelUIRenderer","Constructor"],"duration":22,"failureDetails":[],"failureMessages":[],"fullName":"ParallelUIRenderer Constructor should throw error if TerminalRenderer is not provided","invocations":1,"location":null,"numPassingAsserts":2,"retryReasons":[],"status":"passed","title":"should throw error if TerminalRenderer is not provided"},{"ancestorTitles":["ParallelUIRenderer","Constructor"],"duration":1,"failureDetails":[],"failureMessages":[],"fullName":"ParallelUIRenderer Constructor should initialize with correct spinner types","invocations":1,"location":null,"numPassingAsserts":1,"retryReasons":[],"status":"passed","title":"should initialize with correct spinner types"},{"ancestorTitles":["ParallelUIRenderer","getColorForStatus"],"duration":0,"failureDetails":[],"failureMessages":[],"fullName":"ParallelUIRenderer getColorForStatus should return green for completed status","invocations":1,"location":null,"numPassingAsserts":1,"retryReasons":[],"status":"passed","title":"should return green for completed status"},{"ancestorTitles":["ParallelUIRenderer","getColorForStatus"],"duration":3,"failureDetails":[],"failureMessages":[],"fullName":"ParallelUIRenderer getColorForStatus should return yellow for running status","invocations":1,"location":null,"numPassingAsserts":1,"retryReasons":[],"status":"passed","title":"should return yellow for running status"},{"ancestorTitles":["ParallelUIRenderer","getColorForStatus"],"duration":0,"failureDetails":[],"failureMessages":[],"fullName":"ParallelUIRenderer getColorForStatus should return red for failed status","invocations":1,"location":null,"numPassingAsserts":1,"retryReasons":[],"status":"passed","title":"should return red for failed status"},{"ancestorTitles":["ParallelUIRenderer","getColorForStatus"],"duration":0,"failureDetails":[],"failureMessages":[],"fullName":"ParallelUIRenderer getColorForStatus should return gray for pending status","invocations":1,"location":null,"numPassingAsserts":1,"retryReasons":[],"status":"passed","title":"should return gray for pending status"},{"ancestorTitles":["ParallelUIRenderer","getColorForStatus"],"duration":1,"failureDetails":[],"failureMessages":[],"fullName":"ParallelUIRenderer getColorForStatus should return gray for unknown status","invocations":1,"location":null,"numPassingAsserts":2,"retryReasons":[],"status":"passed","title":"should return gray for unknown status"},{"ancestorTitles":["ParallelUIRenderer","getSpinnerFrame"],"duration":0,"failureDetails":[],"failureMessages":[],"fullName":"ParallelUIRenderer getSpinnerFrame should return a frame from the specified spinner type","invocations":1,"location":null,"numPassingAsserts":2,"retryReasons":[],"status":"passed","title":"should return a frame from the specified spinner type"},{"ancestorTitles":["ParallelUIRenderer","getSpinnerFrame"],"duration":1,"failureDetails":[],"failureMessages":[],"fullName":"ParallelUIRenderer getSpinnerFrame should cycle through spinner frames","invocations":1,"location":null,"numPassingAsserts":1,"retryReasons":[],"status":"passed","title":"should cycle through spinner frames"},{"ancestorTitles":["ParallelUIRenderer","getSpinnerFrame"],"duration":0,"failureDetails":[],"failureMessages":[],"fullName":"ParallelUIRenderer getSpinnerFrame should fall back to dots spinner for unknown type","invocations":1,"location":null,"numPassingAsserts":1,"retryReasons":[],"status":"passed","title":"should fall back to dots spinner for unknown type"},{"ancestorTitles":["ParallelUIRenderer","renderTaskLine"],"duration":1,"failureDetails":[],"failureMessages":[],"fullName":"ParallelUIRenderer renderTaskLine should render task line with all components","invocations":1,"location":null,"numPassingAsserts":3,"retryReasons":[],"status":"passed","title":"should render task line with all components"},{"ancestorTitles":["ParallelUIRenderer","renderTaskLine"],"duration":0,"failureDetails":[],"failureMessages":[],"fullName":"ParallelUIRenderer renderTaskLine should render task line with only status","invocations":1,"location":null,"numPassingAsserts":2,"retryReasons":[],"status":"passed","title":"should render task line with only status"},{"ancestorTitles":["ParallelUIRenderer","renderTaskLine"],"duration":1,"failureDetails":[],"failureMessages":[],"fullName":"ParallelUIRenderer renderTaskLine should include spinner for running tasks","invocations":1,"location":null,"numPassingAsserts":1,"retryReasons":[],"status":"passed","title":"should include spinner for running tasks"},{"ancestorTitles":["ParallelUIRenderer","renderTaskLine"],"duration":0,"failureDetails":[],"failureMessages":[],"fullName":"ParallelUIRenderer renderTaskLine should not include spinner for non-running tasks","invocations":1,"location":null,"numPassingAsserts":1,"retryReasons":[],"status":"passed","title":"should not include spinner for non-running tasks"},{"ancestorTitles":["ParallelUIRenderer","renderTaskLine"],"duration":0,"failureDetails":[],"failureMessages":[],"fullName":"ParallelUIRenderer renderTaskLine should use different spinners for different task indices","invocations":1,"location":null,"numPassingAsserts":2,"retryReasons":[],"status":"passed","title":"should use different spinners for different task indices"},{"ancestorTitles":["ParallelUIRenderer","renderTaskLine"],"duration":0,"failureDetails":[],"failureMessages":[],"fullName":"ParallelUIRenderer renderTaskLine should sanitize multiline task data into single line","invocations":1,"location":null,"numPassingAsserts":4,"retryReasons":[],"status":"passed","title":"should sanitize multiline task data into single line"},{"ancestorTitles":["ParallelUIRenderer","renderTaskLine"],"duration":1,"failureDetails":[],"failureMessages":[],"fullName":"ParallelUIRenderer renderTaskLine should display Done for completed tasks without Claude message","invocations":1,"location":null,"numPassingAsserts":3,"retryReasons":[],"status":"passed","title":"should display Done for completed tasks without Claude message"},{"ancestorTitles":["ParallelUIRenderer","truncateLine"],"duration":0,"failureDetails":[],"failureMessages":[],"fullName":"ParallelUIRenderer truncateLine should not truncate lines shorter than max width","invocations":1,"location":null,"numPassingAsserts":1,"retryReasons":[],"status":"passed","title":"should not truncate lines shorter than max width"},{"ancestorTitles":["ParallelUIRenderer","truncateLine"],"duration":0,"failureDetails":[],"failureMessages":[],"fullNa
[...]
ng different execution phases","invocations":1,"location":null,"numPassingAsserts":2,"retryReasons":[],"status":"passed","title":"should handle errors during different execution phases"},{"ancestorTitles":["fix-command","Comprehensive Logging and Reporting","Log Stream Management"],"duration":1,"failureDetails":[],"failureMessages":[],"fullName":"fix-command Comprehensive Logging and Reporting Log Stream Management should properly end log stream on successful completion","invocations":1,"location":null,"numPassingAsserts":2,"retryReasons":[],"status":"passed","title":"should properly end log stream on successful completion"},{"ancestorTitles":["fix-command","Comprehensive Logging and Reporting","Log Stream Management"],"duration":0,"failureDetails":[],"failureMessages":[],"fullName":"fix-command Comprehensive Logging and Reporting Log Stream Management should properly end log stream on command failure","invocations":1,"location":null,"numPassingAsserts":2,"retryReasons":[],"status":"passed","title":"should properly end log stream on command failure"},{"ancestorTitles":["fix-command","Comprehensive Logging and Reporting","Log Stream Management"],"duration":0,"failureDetails":[],"failureMessages":[],"fullName":"fix-command Comprehensive Logging and Reporting Log Stream Management should properly end log stream on process error","invocations":1,"location":null,"numPassingAsserts":2,"retryReasons":[],"status":"passed","title":"should properly end log stream on process error"},{"ancestorTitles":["fix-command","Comprehensive Logging and Reporting","Concurrent Logging Scenarios"],"duration":1,"failureDetails":[],"failureMessages":[],"fullName":"fix-command Comprehensive Logging and Reporting Concurrent Logging Scenarios should handle multiple commands logging simultaneously","invocations":1,"location":null,"numPassingAsserts":3,"retryReasons":[],"status":"passed","title":"should handle multiple commands logging simultaneously"},{"ancestorTitles":["fix-command","Comprehensive Logging and Reporting","Concurrent Logging Scenarios"],"duration":0,"failureDetails":[],"failureMessages":[],"fullName":"fix-command Comprehensive Logging and Reporting Concurrent Logging Scenarios should handle log stream write failures gracefully","invocations":1,"location":null,"numPassingAsserts":0,"retryReasons":[],"status":"passed","title":"should handle log stream write failures gracefully"},{"ancestorTitles":["fix-command","Comprehensive Logging and Reporting","Log Content Validation"],"duration":0,"failureDetails":[],"failureMessages":[],"fullName":"fix-command Comprehensive Logging and Reporting Log Content Validation should maintain consistent log format across different platforms","invocations":1,"location":null,"numPassingAsserts":3,"retryReasons":[],"status":"passed","title":"should maintain consistent log format across different platforms"},{"ancestorTitles":["fix-command","Comprehensive Logging and Reporting","Log Content Validation"],"duration":1,"failureDetails":[],"failureMessages":[],"fullName":"fix-command Comprehensive Logging and Reporting Log Content Validation should handle special characters in log output","invocations":1,"location":null,"numPassingAsserts":1,"retryReasons":[],"status":"passed","title":"should handle special characters in log output"},{"ancestorTitles":["fix-command","Comprehensive Logging and Reporting","Log Content Validation"],"duration":0,"failureDetails":[],"failureMessages":[],"fullName":"fix-command Comprehensive Logging and Reporting Log Content Validation should handle very long log entries","invocations":1,"location":null,"numPassingAsserts":2,"retryReasons":[],"status":"passed","title":"should handle very long log entries"},{"ancestorTitles":["fix-command","Comprehensive Logging and Reporting","Log Performance and Resource Management"],"duration":1,"failureDetails":[],"failureMessages":[],"fullName":"fix-command Comprehensive Logging and Reporting Log Performance and Resource Management should handle high-frequency log writes efficiently","invocations":1,"location":null,"numPassingAsserts":1,"retryReasons":[],"status":"passed","title":"should handle high-frequency log writes efficiently"},{"ancestorTitles":["fix-command","Comprehensive Logging and Reporting","Log Performance and Resource Management"],"duration":0,"failureDetails":[],"failureMessages":[],"fullName":"fix-command Comprehensive Logging and Reporting Log Performance and Resource Management should clean up log resources properly on errors","invocations":1,"location":null,"numPassingAsserts":1,"retryReasons":[],"status":"passed","title":"should clean up log resources properly on errors"}],"endTime":1764343153953,"message":"\u001b[1m\u001b[31m  \u001b[1m● \u001b[22m\u001b[1mfix-command › executeCommand › should handle successful command execution\u001b[39m\u001b[22m\n\n    ReferenceError: logger is not defined\n\u001b[2m\u001b[22m\n\u001b[2m    \u001b[0m \u001b[90m 271 |\u001b[39m\u001b[22m\n\u001b[2m     \u001b[90m 272 |\u001b[39m                 executeCommand(\u001b[32m'ls'\u001b[39m)\u001b[33m.\u001b[39mthen((result) \u001b[33m=>\u001b[39m {\u001b[22m\n\u001b[2m    \u001b[31m\u001b[1m>\u001b[22m\u001b[2m\u001b[39m\u001b[90m 273 |\u001b[39m                     expect(logger\u001b[33m.\u001b[39msuccess)\u001b[33m.\u001b[39mtoHaveBeenCalledWith(\u001b[32m'Command executed successfully (exit code: 0)'\u001b[39m)\u001b[33m;\u001b[39m\u001b[22m\n\u001b[2m     \u001b[90m     |\u001b[39m                            \u001b[31m\u001b[1m^\u001b[22m\u001b[2m\u001b[39m\u001b[22m\n\u001b[2m     \u001b[90m 274 |\u001b[39m                     expect(result\u001b[33m.\u001b[39msuccess)\u001b[33m.\u001b[39mtoBe(\u001b[36mtrue\u001b[39m)\u001b[33m;\u001b[39m\u001b[22m\n\u001b[2m     \u001b[90m 275 |\u001b[39m                     expect(result\u001b[33m.\u001b[39mexitCode)\u001b[33m.\u001b[39mtoBe(\u001b[35m0\u001b[39m)\u001b[33m;\u001b[39m\u001b[22m\n\u001b[2m     \u001b[90m 276 |\u001b[39m                     resolve()\u001b[33m;\u001b[39m\u001b[0m\u001b[22m\n\u001b[2m\u001b[22m\n\u001b[2m      \u001b[2mat logger (\u001b[22m\u001b[2m\u001b[0m\u001b[36msrc/commands/fix-command/executor.test.js\u001b[39m\u001b[0m\u001b[2m:273:28)\u001b[22m\u001b[2m\u001b[22m\n\n\u001b[1m\u001b[31m  \u001b[1m● \u001b[22m\u001b[1mfix-command › executeCommand › should handle successful command execution\u001b[39m\u001b[22m\n\n    thrown: \"Exceeded timeout of 30000 ms for a test.\n    Add a timeout value to this test to increase the timeout, if this is a long-running test. See https://jestjs.io/docs/api#testname-fn-timeout.\"\n\u001b[2m\u001b[22m\n\u001b[2m    \u001b[0m \u001b[90m 260 |\u001b[39m         })\u001b[33m;\u001b[39m\u001b[22m\n\u001b[2m     \u001b[90m 261 |\u001b[39m\u001b[22m\n\u001b[2m    \u001b[31m\u001b[1m>\u001b[22m\u001b[2m\u001b[39m\u001b[90m 262 |\u001b[39m         test(\u001b[32m'should handle successful command execution'\u001b[39m\u001b[33m,\u001b[39m \u001b[36masync\u001b[39m () \u001b[33m=>\u001b[39m {\u001b[22m\n\u001b[2m     \u001b[90m     |\u001b[39m         \u001b[31m\u001b[1m^\u001b[22m\u001b[2m\u001b[39m\u001b[22m\n\u001b[2m     \u001b[90m 263 |\u001b[39m             fs\u001b[33m.\u001b[39mexistsSync\u001b[33m.\u001b[39mmockReturnValue(\u001b[36mtrue\u001b[39m)\u001b[33m;\u001b[39m\u001b[22m\n\u001b[2m     \u001b[90m 264 |\u001b[39m\u001b[22m\n\u001b[2m     \u001b[90m 265 |\u001b[39m             \u001b[36mreturn\u001b[39m \u001b[36mnew\u001b[39m \u001b[33mPromise\u001b[39m((resolve) \u001b[33m=>\u001b[39m {\u001b[0m\u001b[22m\n\u001b[2m\u001b[22m\n\u001b[2m      \u001b[2mat test (\u001b[22m\u001b[2m\u001b[0m\u001b[36msrc/commands/fix-command/executor.test.js\u001b[39m\u001b[0m\u001b[2m:262:9)\u001b[22m\u001b[2m\u001b[22m\n\u001b[2m      \u001b[2mat describe (\u001b[22m\u001b[2m\u001b[0m\u001b[36msrc/commands/fix-command/executor.test.js\u001b[39m\u001b[0m\u001b[2m:130:5)\u001b[22m\u001b[2m\u001b[22m\n\u001b[2m      \u001b[2mat Object.describe (\u001b[22m\u001b[2m\u001b[0m\u001b[36msrc/commands/fix-command/executor.test.js\u001b[39m\u001b[0m\u001b[2m:27:1)\u001b[22m\u001b[2m\u001b[22m\n\n\u001b[1m\u001b[31m  \u001b[1m● \u001b[22m\u001b[1mfix-command › executeCommand › should handle failed command execution\u001b[39m\u001b[22m\n\n    ReferenceError: logger is not defined\n\u001b[2m\u001b[22m\n\u001b[2m    \u001b[0m \u001b[90m 290 |\u001b[39m\u001b[22m\n\u001b[2m     \u001b[90m 291 |\u001b[39m                 executeCommand(\u001b[32m'false'\u001b[39m)\u001b[33m.\u001b[39mthen((result) \u001b[33m=>\u001b[39m {\u001b[22m\n\u001b[2m    \u001b[31m\u001b[1m>\u001b[22m\u001b[2m\u001b[39m\u001b[90m 292 |\u001b[39m                     expect(logger\u001b[33m.\u001b[39merror)\u001b[33m.\u001b[39mtoHaveBeenCalledWith(\u001b[32m'Command failed with exit code: 1'\u001b[39m)\u001b[33m;\u001b[39m\u001b[22m\n\u001b[2m     \u001b[90m     |\u001b[39m                            \u001b[31m\u001b[1m^\u001b[22m\u001b[2m\u001b[39m\u001b[22m\n\u001b[2m     \u001b[90m 293 |\u001b[39m                     expect(result\u001b[33m.\u001b[39msuccess)\u001b[33m.\u001b[39mtoBe(\u001b[36mfalse\u001b[39m)\u001b[33m;\u001b[39m\u001b[22m\n\u001b[2m     \u001b[90m 294 |\u001b[39m                     expect(result\u001b[33m.\u001b[39mexitCode)\u001b[33m.\u001b[39mtoBe(\u001b[35m1\u001b[39m)\u001b[33m;\u001b[39m\u001b[22m\n\u001b[2m     \u001b[90m 295 |\u001b[39m                     resolve()\u001b[33m;\u001b[39m\u001b[0m\u001b[22m\n\u001b[2m\u001b[22m\n\u001b[2m      \u001b[2mat logger (\u001b[22m\u001b[2m\u001b[0m\u001b[36msrc/commands/fix-command/executor.test.js\u001b[39m\u001b[0m\u001b[2m:292:28)\u001b[22m\u001b[2m\u001b[22m\n\n\u001b[1m\u001b[31m  \u001b[1m● \u001b[22m\u001b[1mfix-command › executeCommand › should handle failed command execution\u001b[39m\u001b[22m\n\n    thrown: \"Exceeded timeout of 30000 ms for a test.\n    Add a timeout value to this test to increase the timeout, if this is a long-running test. See https://jestjs.io/docs/api#testname-fn-timeout.\"\n\u001b[2m\u001b[22m\n\u001b[2m    \u001b[0m \u001b[90m 279 |\u001b[39m         })\u001b[33m;\u001b[39m\u001b[22m\n\u001b[2m     \u001b[90m 280 |\u001b[39m\u001b[22m\n\u001b[2m    \u001b[31m\u001b[1m>\u001b[22m\u001b[2m\u001b[39m\u001b[90m 281 |\u001b[39m         test(\u001b[32m'should handle failed command execution'\u001b[39m\u001b[33m,\u001b[39m \u001b[36masync\u001b[39m () \u001b[33m=>\u001b[39m {\u001b[22m\n\u001b[2m     \u001b[90m     |\u001b[39m         \u001b[31m\u001b[1m^\u001b[22m\u001b[2m\u001b[39m\u001b[22m\n\u001b[2m     \u001b[90m 282 |\u001b[39m             fs\u001b[33m.\u001b[39mexistsSync\u001b[33m.\u001b[39mmockReturnValue(\u001b[36mtrue\u001b[39m)\u001b[33m;\u001b[39m\u001b[22m\n\u001b[2m     \u001b[90m 283 |\u001b[39m\u001b[22m\n\u001b[2m     \u001b[90m 284 |\u001b[39m             \u001b[36mreturn\u001b[39m \u001b[36mnew\u001b[39m \u001b[33mPromise\u001b[39m((resolve) \u001b[33m=>\u001b[39m {\u001b[0m\u001b[22m\n\u001b[2m\u001b[22m\n\u001b[2m      \u001b[2mat test (\u001b[22m\u001b[2m\u001b[0m\u001b[36msrc/commands/fix-command/executor.test.js\u001b[39m\u001b[0m\u001b[2m:281:9)\u001b[22m\u001b[2m\u001b[22m\n\u001b[2m      \u001b[2mat describe (\u001b[22m\u001b[2m\u001b[0m\u001b[36msrc/commands/fix-command/executor.test.js\u001b[39m\u001b[0m\u001b[2m:130:5)\u001b[22m\u001b[2m\u001b[22m\n\u001b[2m      \u001b[2mat Object.describe (\u001b[22m\u001b[2m\u001b[0m\u001b[36msrc/commands/fix-command/executor.test.js\u001b[39m\u001b[0m\u001b[2m:27:1)\u001b[22m\u001b[2m\u001b[22m\n\n\u001b[1m\u001b[31m  \u001b[1m● \u001b[22m\u001b[1mfix-command › executeCommand › should handle process error\u001b[39m\u001b[22m\n\n    ReferenceError: logger is not defined\n\u001b[2m\u001b[22m\n\u001b[2m    \u001b[0m \u001b[90m 309 |\u001b[39m\u001b[22m\n\u001b[2m     \u001b[90m 310 |\u001b[39m                 executeCommand(\u001b[32m'nonexistent'\u001b[39m)\u001b[33m.\u001b[39mthen((result) \u001b[33m=>\u001b[39m {\u001b[22m\n\u001b[2m    \u001b[31m\u001b[1m>\u001b[22m\u001b[2m\u001b[39m\u001b[90m 311 |\u001b[39m                     expect(logger\u001b[33m.\u001b[39merror)\u001b[33m.\u001b[39mtoHaveBeenCalledWith(\u001b[32m'Failed to execute command: Command not found'\u001b[39m)\u001b[33m;\u001b[39m\u001b[22m\n\u001b[2m     \u001b[90m     |\u001b[39m                            \u001b[31m\u001b[1m^\u001b[22m\u001b[2m\u001b[39m\u001b[22m\n\u001b[2m     \u001b[90m 312 |\u001b[39m                     expect(result\u001b[33m.\u001b[39msuccess)\u001b[33m.\u001b[39mtoBe(\u001b[36mfalse\u001b[39m)\u001b[33m;\u001b[39m\u001b[22m\n\u001b[2m     \u001b[90m 313 |\u001b[39m                     expect(result\u001b[33m.\u001b[39mexitCode)\u001b[33m.\u001b[39mtoBe(\u001b[33m-\u001b[39m\u001b[35m1\u001b[39m)\u001b[33m;\u001b[39m\u001b[22m\n\u001b[2m     \u001b[90m 314 |\u001b[39m                     expect(result\u001b[33m.\u001b[39merror)\u001b[33m.\u001b[39mtoBe(\u001b[32m'Command not found'\u001b[39m)\u001b[33m;\u001b[39m\u001b[0m\u001b[22m\n\u001b[2m\u001b[22m\n\u001b[2m      \u001b[2mat logger (\u001b[22m\u001b[2m\u001b[0m\u001b[36msrc/commands/fix-command/executor.test.js\u001b[39m\u001b[0m\u001b[2m:311:28)\u001b[22m\u001b[2m\u001b[22m\n\n\u001b[1m\u001b[31m  \u001b[1m● \u001b[22m\u001b[1mfix-command › executeCommand › should handle process error\u001b[39m\u001b[22m\n\n    thrown: \"Exceeded timeout of 30000 ms for a test.\n    Add a timeout value to this test to increase the timeout, if this is a long-running test. See https://jestjs.io/docs/api#testname-fn-timeout.\"\n\u001b[2m\u001b[22m\n\u001b[2m    \u001b[0m \u001b[90m 298 |\u001b[39m         })\u001b[33m;\u001b[39m\u001b[22m\n\u001b[2m     \u001b[90m 299 |\u001b[39m\u001b[22m\n\u001b[2m    \u001b[31m\u001b[1m>\u001b[22m\u001b[2m\u001b[39m\u001b[90m 300 |\u001b[39m         test(\u001b[32m'should handle process error'\u001b[39m\u001b[33m,\u001b[39m \u001b[36masync\u001b[39m () \u001b[33m=>\u001b[39m {\u001b[22m\n\u001b[2m     \u001b[90m     |\u001b[39m         \u001b[31m\u001b[1m^\u001b[22m\u001b[2m\u001b[39m\u001b[22m\n\u001b[2m     \u001b[90m 301 |\u001b[39m             fs\u001b[33m.\u001b[39mexistsSync\u001b[33m.\u001b[39mmockReturnValue(\u001b[36mtrue\u001b[39m)\u001b[33m;\u001b[39m\u001b[22m\n\u001b[2m     \u001b[90m 302 |\u001b[39m\u001b[22m\n\u001b[2m     \u001b[90m 303 |\u001b[39m             \u001b[36mreturn\u001b[39m \u001b[36mnew\u001b[39m \u001b[33mPromise\u001b[39m((resolve) \u001b[33m=>\u001b[39m {\u001b[0m\u001b[22m\n\u001b[2m\u001b[22m\n\u001b[2m      \u001b[2mat test (\u001b[22m\u001b[2m\u001b[0m\u001b[36msrc/commands/fix-command/executor.test.js\u001b[39m\u001b[0m\u001b[2m:300:9)\u001b[22m\u001b[2m\u001b[22m\n\u001b[2m      \u001b[2mat describe (\u001b[22m\u001b[2m\u001b[0m\u001b[36msrc/commands/fix-command/executor.test.js\u001b[39m\u001b[0m\u001b[2m:130:5)\u001b[22m\u001b[2m\u001b[22m\n\u001b[2m      \u001b[2mat Object.describe (\u001b[22m\u001b[2m\u001b[0m\u001b[36msrc/commands/fix-command/executor.test.js\u001b[39m\u001b[0m\u001b[2m:27:1)\u001b[22m\u001b[2m\u001b[22m\n\n\u001b[1m\u001b[31m  \u001b[1m● \u001b[22m\u001b[1mfix-command › executeCommand › should stop spinner and log command execution\u001b[39m\u001b[22m\n\n    ReferenceError: logger is not defined\n\u001b[2m\u001b[22m\n\u001b[2m    \u001b[0m \u001b[90m 357 |\u001b[39m\u001b[22m\n\u001b[2m     \u001b[90m 358 |\u001b[39m                 executeCommand(\u001b[32m'test command'\u001b[39m)\u001b[33m.\u001b[39mthen(() \u001b[33m=>\u001b[39m {\u001b[22m\n\u001b[2m    \u001b[31m\u001b[1m>\u001b[22m\u001b[2m\u001b[39m\u001b[90m 359 |\u001b[39m                     expect(logger\u001b[33m.\u001b[39mstopSpinner)\u001b[33m.\u001b[39mtoHaveBeenCalled()\u001b[33m;\u001b[39m\u001b[22m\n\u001b[2m     \u001b[90m     |\u001b[39m                            \u001b[31m\u001b[1m^\u001b[22m\u001b[2m\u001b[39m\u001b[22m\n\u001b[2m     \u001b[90m 360 |\u001b[39m                     expect(logger\u001b[33m.\u001b[39mcommand)\u001b[33m.\u001b[39mtoHaveBeenCalledWith(\u001b[32m'test command'\u001b[39m)\u001b[33m;\u001b[39m\u001b[22m\n\u001b[2m     \u001b[90m 361 |\u001b[39m                     expect(logger\u001b[33m.\u001b[39mseparator)\u001b[33m.\u001b[39mtoHaveBeenCalled()\u001b[33m;\u001b[39m\u001b[22m\n\u001b[2m     \u001b[90m 362 |\u001b[39m                     resolve()\u001b[33m;\u001b[39m\u001b[0m\u001b[22m\n\u001b[2m\u001b[22m\n\u001b[2m      \u001b[2mat logger (\u001b[22m\u001b[2m\u001b[0m\u001b[36msrc/commands/fix-command/executor.test.js\u001b[39m\u001b[0m\u001b[2m:359:28)\u001b[22m\u001b[2m\u001b[22m\n\n\u001b[1m\u001b[31m  \u001b[1m● \u001b[22m\u001b[1mfix-command › executeCommand › should stop spinner and log command execution\u001b[39m\u001b[22m\n\n    thrown: \"Exceeded timeout of 30000 ms for a test.\n    Add a timeout value to this test to increase the timeout, if this is a long-running test. See https://jestjs.io/docs/api#testname-fn-timeout.\"\n\u001b[2m\u001b[22m\n\u001b[2m    \u001b[0m \u001b[90m 346 |\u001b[39m         })\u001b[33m;\u001b[39m\u001b[22m\n\u001b[2m     \u001b[90m 347 |\u001b[39m\u001b[22m\n\u001b[2m    \u001b[31m\u001b[1m>\u001b[22m\u001b[2m\u001b[39m\u001b[90m 348 |\u001b[39m         test(\u001b[32m'should stop spinner and log command execution'\u001b[39m\u001b[33m,\u001b[39m \u001b[36masync\u001b[39m () \u001b[33m=>\u001b[39m {\u001b[22m\n\u001b[2m     \u001b[90m     |\u001b[39m         \u001b[31m\u001b[1m^\u001b[22m\u001b[2m\u001b[39m\u001b[22m\n\u001b[2m     \u001b[90m 349 |\u001b[39m             fs\u001b[33m.\u001b[39mexistsSync\u001b[33m.\u001b[39mmockReturnValue(\u001b[36mtrue\u001b[39m)\u001b[33m;\u001b[39m\u001b[22m\n\u001b[2m     \u001b[90m 350 |\u001b[39m\u001b[22m\n\u001b[2m     \u001b[90m 351 |\u001b[39m             \u001b[36mreturn\u001b[39m \u001b[36mnew\u001b[39m \u001b[33mPromise\u001b[39m((resolve) \u001b[33m=>\u001b[39m {\u001b[0m\u001b[22m\n\u001b[2m\u001b[22m\n\u001b[2m      \u001b[2mat test (\u001b[22m\u001b[2m\u001b[0m\u001b[36msrc/commands/fix-command/executor.test.js\u001b[39m\u001b[0m\u001b[2m:348:9)\u001b[22m\u001b[2m\u001b[22m\n\u001b[2m      \u001b[2mat describe (\u001b[22m\u001b[2m\u001b[0m\u001b[36msrc/commands/fix-command/executor.test.js\u001b[39m\u001b[0m\u001b[2m:130:5)\u001b[22m\u001b[2m\u001b[22m\n\u001b[2m      \u001b[2mat Object.describe (\u001b[22m\u001b[2m\u001b[0m\u001b[36msrc/commands/fix-command/executor.test.js\u001b[39m\u001b[0m\u001b[2m:27:1)\u001b[22m\u001b[2m\u001b[22m\n\n\u001b[1m\u001b[31m  \u001b[1m● \u001b[22m\u001b[1mfix-command › fixCommand › should attempt to fix command on failure\u001b[39m\u001b[22m\n\n    ReferenceError: logger is not defined\n\u001b[2m\u001b[22m\n\u001b[2m    \u001b[0m \u001b[90m 461 |\u001b[39m\u001b[22m\n\u001b[2m     \u001b[90m 462 |\u001b[39m             expect(executeClaude)\u001b[33m.\u001b[39mtoHaveBeenCalledWith(\u001b[32m'fix command \"ls\"'\u001b[39m)\u001b[33m;\u001b[39m\u001b[22m\n\u001b[2m    \u001b[31m\u001b[1m>\u001b[22m\u001b[2m\u001b[39m\u001b[90m 463 |\u001b[39m             expect(logger\u001b[33m.\u001b[39minfo)\u001b[33m.\u001b[39mtoHaveBeenCalledWith(\u001b[32m'fix command \"ls\"'\u001b[39m)\u001b[33m;\u001b[39m\u001b[22m\n\u001b[2m     \u001b[90m     |\u001b[39m                    \u001b[31m\u001b[1m^\u001b[22m\u001b[2m\u001b[39m\u001b[22m\n\u001b[2m     \u001b[90m 464 |\u001b[39m         })\u001b[33m;\u001b[39m\u001b[22m\n\u001b[2m     \u001b[90m 465 |\u001b[39m\u001b[22m\n\u001b[2m     \u001b[90m 466 |\u001b[39m         test(\u001b[32m'should create claudiomiro folder if it does not exist'\u001b[39m\u001b[33m,\u001b[39m \u001b[36masync\u001b[39m () \u001b[33m=>\u001b[39m {\u001b[0m\u001b[22m\n\u001b[2m\u001b[22m\n\u001b[2m      \u001b[2mat Object.logger (\u001b[22m\u001b[2m\u001b[0m\u001b[36msrc/commands/fix-command/executor.test.js\u001b[39m\u001b[0m\u001b[2m:463:20)\u001b[22m\u001b[2m\u001b[22m\n","name":"/Users/samuelfajreldines/Desenvolvimento/claudiomiro/src/commands/fix-command/executor.test.js","startTime":1764343032236,"status":"failed","summary":""}],"wasInterrupted":false}
